132.846125088,0.0,132.846125088, 1
132.846125088,0.0,132.846125088, 1
132.846125088,0.0,132.846125088, 1
132.836125088,0.0,132.836125088, 1
131.442021392,0.0,131.442021392, 1
131.442021392,0.0,131.442021392, 1
131.442021392,0.0,131.442021392, 1
131.442021392,0.0,131.442021392, 1
131.442021392,0.0,131.442021392, 1
131.442021392,0.0,131.442021392, 1
131.432021392,0.0,131.432021392, 1
131.432021392,0.0,131.432021392, 1
131.432021392,0.0,131.432021392, 1
131.432021392,0.0,131.432021392, 1
131.432021392,0.0,131.432021392, 1
132.702357827,0.0,132.702357827, 1
132.692357827,0.0,132.692357827, 1
132.692357827,0.0,132.692357827, 1
132.692357827,0.0,132.692357827, 1
132.692357827,0.0,132.692357827, 1
132.692357827,0.0,132.692357827, 1
132.692357827,0.0,132.692357827, 1
132.692357827,0.0,132.692357827, 1
132.682357827,0.0,132.682357827, 1
132.682357827,0.0,132.682357827, 1
132.682357827,0.0,132.682357827, 1
132.682357827,0.0,132.682357827, 1
132.682357827,0.0,132.682357827, 1
131.352812505,0.0,131.352812505, 1
131.352812505,0.0,131.352812505, 1
131.352812505,0.0,131.352812505, 1
131.342812505,0.0,131.342812505, 1
131.342812505,0.0,131.342812505, 1
131.342812505,0.0,131.342812505, 1
131.342812505,0.0,131.342812505, 1
131.342812505,0.0,131.342812505, 1
131.342812505,0.0,131.342812505, 1
131.342812505,0.0,131.342812505, 1
131.342812505,0.0,131.342812505, 1
132.549329203,0.0,132.549329203, 1
132.549329203,0.0,132.549329203, 1
132.549329203,0.0,132.549329203, 1
132.549329203,0.0,132.549329203, 1
132.549329203,0.0,132.549329203, 1
132.549329203,0.0,132.549329203, 1
132.549329203,0.0,132.549329203, 1
132.549329203,0.0,132.549329203, 1
132.549329203,0.0,132.549329203, 1
132.549329203,0.0,132.549329203, 1
132.539329203,0.0,132.539329203, 1
132.300345019,0.0,132.300345019, 1
132.300345019,0.0,132.300345019, 1
132.300345019,0.0,132.300345019, 1
132.300345019,0.0,132.300345019, 1
132.300345019,0.0,132.300345019, 1
131.133022803,0.0,131.133022803, 1
131.133022803,0.0,131.133022803, 1
131.133022803,0.0,131.133022803, 1
131.133022803,0.0,131.133022803, 1
131.133022803,0.0,131.133022803, 1
131.133022803,0.0,131.133022803, 1
131.133022803,0.0,131.133022803, 1
131.133022803,0.0,131.133022803, 1
131.123022803,0.0,131.123022803, 1
131.123022803,123.98764,7.135382802999999, 1
131.123022803,10.1949301,120.928092703, 1
131.123022803,261.562469,130.43944619700002, 1
131.123022803,321.036102,170.08692080299997, 1
132.290345019,185.464539,53.174193981, 1
175.0,259.81604,84.81603999999999, 1
-50.0100628319,119.226013,169.2360758319, 1
-128.710064572,303.374664,72.08472857200002, 1
154.986764833,317.357239,162.370474167, 1
152.28881354,320.900452,168.61163845999997, 1
154.546593396,326.853638,172.307044604, 1
159.59051394,329.108978,169.51846405999999, 1
164.971271278,337.012939,172.04166772200003, 1
168.190467933,344.546204,176.35573606699998, 1
168.170317349,345.662842,177.49252465100002, 1
167.564549285,347.954529,179.61002028500002, 1
168.248613934,344.287262,176.038648066, 1
169.236769991,351.337738,177.899031991, 1
169.996608711,353.553497,176.443111711, 1
172.253076663,357.14151,175.11156666300002, 1
174.198550283,5.18873978,169.009810503, 1
174.98,10.2754002,164.70459979999998, 1
173.514055528,11.1679401,162.346115428, 1
174.881522799,16.3199902,158.561532599, 1
175.068963045,24.3361588,150.732804245, 1
174.585315135,17.1322498,157.453065335, 1
174.106645365,359.913666,174.192979365, 1
174.290616766,339.796204,165.505587234, 1
174.011528622,330.619537,156.608008378, 1
173.538067885,310.929443,137.391375115, 1
173.103306967,309.517395,136.414088033, 1
173.274916529,304.240326,130.965409471, 1
174.556812703,304.589813,130.033000297, 1
175.807765884,316.961243,141.15347711600003, 1
175.531176308,306.710541,131.17936469199998, 1
175.278570515,301.278656,126.000085485, 1
174.533572461,294.144501,119.61092853899999, 1
173.980956861,287.598938,113.61798113899997, 1
173.124318066,282.391571,109.267252934, 1
172.786446451,281.407379,108.620932549, 1
173.096855113,284.068542,110.97168688699998, 1
173.840523642,274.663086,100.82256235800003, 1
174.582163405,258.572998,83.990834595, 1
174.388749623,204.34166,29.952910376999995, 1
174.087397155,197.506409,23.419011845, 1
174.235406872,188.66095,14.425543128000015, 1
174.661097822,177.077469,2.41637117800002, 1
174.914641086,170.85672,4.057921085999993, 1
174.875880501,163.662994,11.212886501000014, 1
174.563152994,167.351151,7.212001994000019, 1
174.412158907,171.789749,2.622409906999991, 1
174.703816848,170.731552,3.972264848000009, 1
174.978520722,167.800308,7.178212722000012, 1
174.95269362,162.041092,12.911601619999999, 1
174.914878637,164.756943,10.15793563699998, 1
175.013103124,161.534714,13.478389123999989, 1
175.374627298,155.832825,19.541802297999993, 1
175.346488185,152.15361,23.192878185000012, 1
175.208043551,155.502731,19.70531255099999, 1
175.063905064,159.819183,15.244722064000001, 1
175.557806884,159.683273,15.874533883999987, 1
175.642284173,144.677872,30.964412173, 1
175.352566291,151.898209,23.45435729099998, 1
175.200532572,152.804932,22.395600571999978, 1
175.687406323,152.164673,23.52273332300001, 1
176.161248754,145.75061,30.41063875400002, 1
176.496553776,133.409332,43.08722177600001, 1
176.478726881,152.34787,24.130856881, 1
176.601773897,161.402039,15.199734896999985, 1
176.704307121,173.634903,3.069404120999991, 1
176.797355504,165.688782,11.108573503999992, 1
176.502720574,161.797852,14.704868573999988, 1
176.333123353,234.783264,58.45014064700001, 1
176.310332442,289.785034,113.47470155799999, 1
176.302218232,286.815857,110.51363876799999, 1
176.144259476,266.959106,90.81484652400002, 1
176.351437616,281.064392,104.712954384, 1
176.530810459,285.67923,109.14841954100001, 1
176.966781085,291.946045,114.97926391500002, 1
177.033326176,312.884399,135.85107282399997, 1
176.783158162,331.352722,154.56956383800002, 1
176.646519262,305.474884,128.82836473799998, 1
176.758713966,317.579651,140.82093703400002, 1
176.639852302,316.227905,139.588052698, 1
176.631566879,293.851105,117.21953812100003, 1
176.708032947,286.219086,109.51105305300001, 1
176.973762779,301.898804,124.92504122099999, 1
176.888037677,336.347198,159.459160323, 1
176.61092607,339.891327,163.28040092999998, 1
176.534089406,325.774231,149.240141594, 1
176.553367755,336.244995,159.691627245, 1
176.648315953,349.652924,173.00460804699998, 1
176.907567182,351.031006,174.12343881799998, 1
176.94456502,357.648773,179.29579202, 1
177.068694843,354.264923,177.196228157, 1
177.098670466,359.109375,177.989295466, 1
177.23985415,359.943237,177.29661715, 1
177.230450996,1.23769999,175.992751006, 1
177.263462195,358.624725,178.63873719499998, 1
177.277637392,359.067169,178.21046839200002, 1
177.501780378,0.933290005,176.568490373, 1
177.302422187,1.19038999,176.112032197, 1
177.346629239,212.962357,35.61572776099999, 1
177.461961521,183.020523,5.558561478999991, 1
177.376540081,180.95195,3.575409919000009, 1
177.399208406,182.11264,4.713431593999985, 1
177.766663959,180.179611,2.4129470409999954, 1
177.955707875,174.264755,3.6909528749999936, 1
178.119546761,175.280609,2.838937761000011, 1
178.291743105,175.700195,2.591548104999987, 1
178.214502031,175.871429,2.3430730309999888, 1
177.955707875,178.73024,0.7745321250000075, 1
177.869391937,185.478439,7.60904706300002, 1
177.816123277,179.834641,2.018517723000002, 1
177.507744653,186.949387,9.441642346999998, 1
177.275048575,188.672684,11.397635425000004, 1
177.363260863,190.543243,13.179982136999996, 1
177.451449445,189.374359,11.92290955499999, 1
177.53961392,186.347565,8.80795108000001, 1
177.812388331,186.12558,8.31319166900002, 1
177.980060617,182.307587,4.32752638300002, 1
177.611504042,186.205429,8.593924958000002, 1
177.355523892,198.554459,21.198935108, 1
177.378806484,195.718369,18.339562516, 1
177.378806484,189.894684,12.515877516000018, 1
177.523630403,193.549728,16.02609759699999, 1
177.778824488,173.407639,4.371185488000009, 1
177.778824488,164.860443,12.918381487999994, 1
177.778824488,168.219681,9.55914348799999, 1
177.611504042,162.451462,15.160042042000015, 1
177.394448415,172.579117,4.815331415000003, 1
177.180763,181.347672,4.1669089999999755, 1
177.128592726,193.289825,16.161232274000014, 1
177.203677634,188.667206,11.463528365999991, 1
177.255088094,182.312286,5.057197905999999, 1
177.418093847,152.642883,24.775210846999983, 1
177.596339232,87.8340607,89.762278532, 1
177.873516383,92.2633514,85.610164983, 1
177.970051017,82.7528076,95.217243417, 1
177.970051017,100.792244,77.177807017, 1
177.854928945,63.7628975,114.092031445, 1
178.032643331,35.3055496,142.727093731, 1
178.299009468,45.0792885,133.21972096800002, 1
178.308274963,41.479248,136.829026963, 1
177.978856118,63.1126289,114.866227218, 1
177.702132634,215.795258,38.09312536599998, 1
177.410187547,358.54068,178.86950754699998, 1
177.402305774,320.106873,142.704567226, 1
177.677108814,2.13630986,175.540798954, 1
177.970051017,41.09655,136.873501017, 1
177.970051017,66.72715,111.24290101700001, 1
177.961273308,50.7512894,127.209983908, 1
178.041502375,41.9591408,136.082361575, 1
177.854928945,34.7738876,143.08104134500002, 1
177.766031893,7.04075003,170.725281863, 1
176.90807009,20.96315,155.94492008999998, 1
178.554103293,2.61309004,175.941013253, 1
-166.400847113,14.8720999,178.727052987, 1
-103.190652534,5.30594969,108.496602224, 1
-68.1645704456,354.388702,62.553272445600044, 1
-61.7647199206,350.674377,52.43909692059998, 1
-57.1293705346,349.302155,46.43152553460004, 1
-52.2624104231,348.695679,40.95808942309998, 1
-57.3082566265,348.554047,45.86230362650002, 1
-61.140550225,348.703613,49.84416322499999, 1
-44.5720231722,348.983368,33.55539117219996, 1
-31.5734937383,348.979553,20.553046738299997, 1
-24.9915396416,348.884979,13.8765186416, 1
-21.4989732938,348.776489,10.275462293800047, 1
-19.4423840324,348.564178,8.00656203240004, 1
-18.2654848783,348.596008,6.861492878299998, 1
-17.4112133968,348.664185,6.075398396799983, 1
-17.0025702861,348.722839,5.725409286100046, 1
-16.9925702861,348.806213,5.79878328609999, 1
-16.819708363,348.922638,5.742346363000024, 1
-16.4509996035,348.925751,5.3767506035, 1
-16.2272648292,348.983948,5.211212829200008, 1
-15.9241334398,349.059235,4.983368439800017, 1
-15.5526587841,349.116455,4.669113784099977, 1
-15.1475781127,349.19519,4.342768112700014, 1
-14.8482755281,349.183502,4.031777528099951, 1
-14.6423609202,349.303467,3.9458279202000313, 1
-14.2609416963,349.348602,3.6095436963000225, 1
-13.9819009698,349.428589,3.4104899697999826, 1
-13.7194825922,349.414886,3.134368592200019, 1
-13.5235282696,349.462097,2.985625269600007, 1
-13.2255534671,349.494171,2.7197244670999794, 1
-13.0623010546,349.5289,2.591201054600049, 1
-12.954523675,349.619995,2.5745186750000357, 1
-12.8555591391,349.715088,2.5706471391000036, 1
-12.8129787899,349.719788,2.532766789899995, 1
-12.7239452398,349.757019,2.4809642398000165, 1
-12.6955308458,349.842407,2.537937845800002, 1
-12.6307413415,349.889801,2.520542341500004, 1
-12.506604667,349.904816,2.411420666999959, 1
-12.4295405716,349.91684,2.3463805715999797, 1
-12.4057082101,349.979553,2.3852612100999977, 1
-12.3350549253,350.024475,2.3595299252999666, 1
-12.2808048643,350.039429,2.3202338643000076, 1
-12.3159951611,350.030365,2.3463601610999945, 1
-12.3507247597,350.080261,2.430985759699979, 1
-12.3372017223,350.105011,2.4422127222999848, 1
-12.1813670812,350.119537,2.300904081199974, 1
-12.0747206445,350.116272,2.1909926444999996, 1
-11.9291259039,350.083344,2.012469903900012, 1
-11.9538329913,350.069794,2.0236269912999774, 1
-12.0574534141,350.102753,2.160206414100003, 1
-12.1468762084,350.124695,2.271571208399962, 1
-12.1363805414,350.173157,2.3095375414000046, 1
-12.080395161,350.134277,2.21467216100001, 1
-11.9807848994,350.101349,2.0821338994000484, 1
-11.9285958231,350.098663,2.0272588230999986, 1
-11.9233822249,350.10379,2.0271722249000277, 1
-11.9169127949,350.109863,2.0267757949000043, 1
-11.822775872,350.07428,1.89705587200001, 1
-11.7751728235,350.046539,1.8217118234999816, 1
-11.8203535176,350.055786,1.876139517599995, 1
-11.8742182878,350.065918,1.9401362877999873, 1
-11.8705019455,350.044006,1.91450794550002, 1
-11.8195492581,350.044708,1.8642572580999968, 1
-11.7700631201,350.001465,1.7715281201000153, 1
-11.8147973629,349.994598,1.809395362899977, 1
-11.7689138687,349.965088,1.734001868699977, 1
-11.7666208808,349.946686,1.713306880800019, 1
-11.673919362,349.9245,1.5984193620000156, 1
-11.5365703083,349.84906,1.3856303082999943, 1
-11.5356066359,349.835358,1.370964635900009, 1
-11.6271029583,349.824768,1.4518709582999918, 1
-11.7185928346,349.888855,1.6074478345999523, 1
-11.719699112,349.878479,1.5981781120000278, 1
-11.673919362,349.854675,1.5285943619999784, 1
-11.7174883227,349.828979,1.546467322699982, 1
-11.7152845789,349.844971,1.560255578900012, 1
-11.6707125879,349.807739,1.4784515879000537, 1
-11.6260696275,349.824371,1.4504406274999724, 1
-11.5843583636,349.788086,1.3724443636000387, 1
-11.5375355225,349.759857,1.2973925224999903, 1
-11.4917137044,349.725281,1.2169947044000082, 1
-11.4907842078,349.736359,1.2271432077999975, 1
-11.5465703083,349.745605,1.2921753082999885, 1
-11.5903578407,349.762299,1.3526568406999786, 1
-11.6350379446,349.780426,1.415463944599992, 1
-11.5893616976,349.756592,1.3459536976000095, 1
-11.5436839021,349.740051,1.2837349020999795, 1
-11.5446445017,349.738586,1.283230501700018, 1
-11.5465703083,349.740875,1.2874453082999935, 1
-11.4998561962,349.713409,1.213265196200041, 1
-11.4998561962,349.712769,1.2126251961999515, 1
-11.4549966588,349.693909,1.148905658800004, 1
-11.4100657676,349.674103,1.0841687675999765, 1
-11.5017137044,349.683289,1.1850027044000058, 1
-11.5017137044,349.705994,1.2077077043999793, 1
-11.4092077168,349.694427,1.103634716800002, 1
-11.3634174376,349.646606,1.0100234376000117, 1
-11.2718330896,349.651733,0.9235660896000013, 1
-11.2267542538,349.626587,0.8533412537999538, 1
-11.2755994342,349.622009,0.8976084341999808, 1
-11.37003307,349.681305,1.0513380699999857, 1
-11.5092035566,349.726715,1.2359185566000406, 1
-11.6014212754,349.731964,1.333385275400019, 1
-11.646477744,349.744232,1.3907097439999916, 1
-11.6454294038,349.769379,1.4148084038000093, 1
-11.6004074185,349.744629,1.3450364185000012, 1
-11.5101465769,349.717773,1.2279195769000353, 1
-11.4649074699,349.691498,1.1564054699000508, 1
-11.5572732782,349.702118,1.2593912781999848, 1
-11.5562924419,349.714111,1.2704034418999868, 1
-11.4649074699,349.688965,1.1538724699000227, 1
-11.4667283551,349.653961,1.1206893550999553, 1
-11.4187223912,349.669617,1.0883393912000088, 1
-11.4187223912,349.670685,1.089407391199984, 1
-11.4204704959,349.686951,1.1074214959000415, 1
-11.4222242567,349.684723,1.106947256700039, 1
-11.4694707382,349.669739,1.1392097382000088, 1
-11.5158367615,349.7005,1.2163367614999743, 1
-11.4685551317,349.70517,1.173725131699996, 1
-11.2816888666,349.660339,0.9420278666000286, 1
-11.234696784,349.630005,0.8647017839999762, 1
-11.2816888666,349.664581,0.9462698666000051, 1
-11.3758919947,349.690521,1.0664129946999878, 1
-11.3784233232,349.700623,1.079046323200032, 1
-11.3319797445,349.692383,1.0243627445000243, 1
-11.190550231,349.65152,0.8420702309999797, 1
-11.1428963661,349.610443,0.753339366099965, 1
-11.1891616451,349.639893,0.8290546450999727, 1
-11.2361560567,349.665802,0.9019580566999821, 1
-11.2824555833,349.683411,0.9658665832999986, 1
-11.2816888666,349.700897,0.9825858666000045, 1
-11.2809233873,349.69574,0.9766633872999932, 1
-11.2339689128,349.690186,0.9241549127999633, 1
-11.1884690331,349.656006,0.8444750330999682, 1
-11.2376200552,349.68335,0.92097005520003, 1
-11.2368874638,349.682556,0.9194434637999507, 1
-11.3742112564,349.70224,1.0764512563999915, 1
-11.4667283551,349.762451,1.2291793550999728, 1
-11.4676410052,349.743927,1.2115680051999789, 1
-11.3303642103,349.729095,1.0594592102999627, 1
-11.1926415553,349.677216,0.8698575552999728, 1
-11.1003695823,349.632233,0.7326025822999895, 1
-11.0532934082,349.614197,0.6674904081999671, 1
-11.0527053786,349.642273,0.6949783786000125, 1
-11.1912462103,349.690674,0.8819202102999952, 1
-11.3311713229,349.711578,1.0427493228999651, 1
-11.4248655629,349.741577,1.166442562899988, 1
-11.4257488559,349.731049,1.1567978558999812, 1
-11.4248655629,349.72937,1.1542355628999985, 1
-11.4222242567,349.750671,1.1728952567000306, 1
-11.4213466676,349.748566,1.1699126675999878, 1
-11.4348655629,349.749603,1.1844685628999514, 1
-11.4257488559,349.715759,1.141507855899988, 1
-11.3336005269,349.734589,1.0681895269000279, 1
-11.2405623211,349.681305,0.9218673211000237, 1
-11.1954458669,349.67804,0.8734858669000118, 1
-11.1940414335,349.656586,0.8506274334999944, 1
-11.1926415553,349.687683,0.8803245552999783, 1
-11.1919433175,349.675781,0.8677243174999489, 1
-11.1919433175,349.668365,0.860308317499971, 1
-11.1919433175,349.676605,0.8685483174999717, 1
-11.1003695823,349.683929,0.7842985822999822, 1
-11.1022530382,349.66214,0.7643930382000121, 1
-11.2420406346,349.686951,0.9289916346000382, 1
-11.2383538338,349.716309,0.9546628338000005, 1
-11.0966300517,349.708771,0.8054010517000165, 1
-10.9573150704,349.639679,0.596994070400001, 1
-10.9588487473,349.657623,0.616471747300011, 1
-11.1481841672,349.678558,0.8267421671999955, 1
-11.2450117386,349.715424,0.9604357385999833, 1
-11.2933212391,349.755035,1.0483562391000305, 1
-11.2003975759,349.71933,0.9197275759000263, 1
-11.1047786599,349.69165,0.7964286598999593, 1
-11.0527053786,349.684601,0.7373063786000102, 1
-11.0035476995,349.666962,0.6705096995000304, 1
-10.9573150704,349.685028,0.6423430703999884, 1
-10.9144154511,349.632568,0.5469834511000045, 1
-11.0118442143,349.631561,0.6434052143000031, 1
-11.1079589696,349.690338,0.7982969696000168, 1
-11.201822783,349.698395,0.9002177830000164, 1
-11.1982684877,349.732788,0.9310564877000047, 1
-11.0538823924,349.717957,0.7718393924000111, 1
-10.8666017104,349.657013,0.5236147104000111, 1
-10.819415335,349.630707,0.45012233499994636, 1
-10.8666017104,349.640747,0.507348710399981, 1
-10.8679248746,349.666077,0.5340018745999942, 1
-10.8222454968,349.659485,0.4817304968000258, 1
-10.7753104285,349.616211,0.39152142850002747, 1
-10.9134590735,349.672913,0.5863720735000015, 1
-11.0521183012,349.733093,0.7852113011999791, 1
-11.1455316976,349.775665,0.9211966976000099, 1
-11.1461932018,349.75766,0.9038532017999614, 1
-11.1009963811,349.740234,0.8412303810999902, 1
-11.1022530382,349.729523,0.8317760381999619, 1
-11.1022530382,349.723602,0.825855038200018, 1
-11.1488499819,349.737762,0.8866119818999891, 1
-11.1940414335,349.752167,0.9462084334999759, 1
-11.1468557798,349.759552,0.906407779799963, 1
-11.0632934082,349.716492,0.7797854082000413, 1
-11.0173942683,349.696686,0.7140802682999947, 1
-10.9619385445,349.709534,0.671472544500034, 1
-11.05624792,349.701202,0.7574499199999991, 1
-11.0574364712,349.736053,0.7934894712000187, 1
-11.0574364712,349.696472,0.7539084712000204, 1
-11.1116241989,349.729248,0.8408721989000014, 1
-11.1561932018,349.757355,0.9135482018000403, 1
-11.1084952754,349.742462,0.8509572753999919, 1
-11.1078725282,349.715668,0.8235405281999988, 1
-11.0157403996,349.700348,0.7160883996000393, 1
-10.9598753414,349.675049,0.6349243413999943, 1
-10.9614214868,349.695129,0.6565504868000289, 1
-11.0538823924,349.679962,0.7338443923999876, 1
-11.0532934082,349.708862,0.7621554081999875, 1
-11.0521183012,349.693878,0.7459963011999662, 1
-11.0057403996,349.683899,0.6896393995999688, 1
-11.0062907957,349.703766,0.7100567956999839, 1
-11.0997438001,349.719879,0.8196228000999781, 1
-11.1568557798,349.726654,0.883509779800022, 1
-11.2047430794,349.722534,0.9272770793999712, 1
-11.2040414335,349.737244,0.9412854334999565, 1
-11.157519434,349.714661,0.8721804339999721, 1
-11.0550632333,349.700897,0.7559602333000157, 1
-11.0096119952,349.640106,0.6497179951999783, 1
-10.9640152089,349.679779,0.6437942088999762, 1
-10.9655816199,349.660339,0.6259206199000005, 1
-11.0212847932,349.659973,0.6812577931999613, 1
-11.0668417114,349.687958,0.7547997113999827, 1
-11.0656550948,349.683868,0.7495230947999971, 1
-10.9724564435,349.681305,0.6537614435000023, 1
-11.008501329,349.664581,0.6730823290000103, 1
-11.0550632333,349.696411,0.7514742333000299, 1
-11.1009963811,349.71637,0.8173663810999869, 1
-11.147519434,349.720551,0.8680704340000034, 1
-11.1947430794,349.700623,0.8953660793999916, 1
-11.2878575014,349.740326,1.028183501400008, 1
-11.3436005269,349.744263,1.0878635268999801, 1
-11.3901177281,349.765991,1.15610872809998, 1
-11.3909669962,349.752228,1.143194996200009, 1
-11.2986342261,349.746735,1.0453692260999787, 1
-11.1961497987,349.700684,0.8968337987000154, 1
-11.05624792,349.662506,0.7187539199999833, 1
-11.0096119952,349.62915,0.6387619951999568, 1
-11.0090562103,349.646332,0.6553882102999751, 1
-11.0550632333,349.665771,0.7208342333000246, 1
-11.1940414335,349.696716,0.8907574334999708, 1
-11.1947430794,349.719513,0.9142560793999905, 1
-11.1581841672,349.704285,0.862469167200004, 1
-11.1116241989,349.665833,0.7774571989000378, 1
-11.1116241989,349.678955,0.7905791988999908, 1
-11.2033409264,349.702942,0.9062829264000243, 1
-11.1455316976,349.706879,0.8524106976000212, 1
-11.0527053786,349.670715,0.7234203785999966, 1
-11.0057403996,349.640961,0.6467013996000333, 1
-11.0157403996,349.642334,0.6580743996000251, 1
-10.9688487473,349.654572,0.6234207472999742, 1
-10.9593616287,349.638947,0.5983086286999537, 1
-10.9593616287,349.651947,0.6113086286999874, 1
-11.0057403996,349.656036,0.6617763995999439, 1
-11.0521183012,349.684448,0.7365663011999573, 1
-11.0532934082,349.695801,0.7490944081999942, 1
-11.0532934082,349.694916,0.7482094081999549, 1
-11.0627053786,349.652008,0.7147133786000381, 1
-11.0632934082,349.694885,0.758178408200024, 1
-10.9139368745,349.675446,0.5893828745000178, 1
-10.9139368745,349.646698,0.5606348745000105, 1
-10.9144154511,349.682587,0.5970024511000247, 1
-10.9148948051,349.663727,0.5786218050999992, 1
-10.8218392174,349.631836,0.4536752174000185, 1
-10.7753104285,349.631744,0.4070544285000324, 1
-10.7856797784,349.634644,0.42032377839996116, 1
-10.8326524374,349.640869,0.4735214373999952, 1
-10.9268200339,349.697571,0.6243910338999967, 1
-10.9645364936,349.728821,0.69335749359999, 1
-10.96505863,349.695526,0.6605846299999598, 1
-11.0112847932,349.73526,0.7465447931999734, 1
-11.0574364712,349.756317,0.8137534712000161, 1
-11.1028829015,349.747101,0.8499839014999679, 1
-11.1481841672,349.722595,0.8707791671999985, 1
-11.1109963811,349.736938,0.8479343811000035, 1
-11.017947349,349.723297,0.7412443489999987, 1
-10.9619385445,349.70694,0.6688785444999894, 1
-10.9629751859,349.705292,0.6682671858999925, 1
-11.0096119952,349.698212,0.7078239951999876, 1
-11.0107262844,349.724182,0.7349082843999781, 1
-10.9640152089,349.686676,0.650691208899957, 1
-10.9645364936,349.7005,0.6650364935999846, 1
-10.9202195561,349.681976,0.6021955561000141, 1
-10.9682094475,349.681519,0.6497284474999674, 1
-11.0135279742,349.685608,0.6991359741999759, 1
-11.1154126439,349.721222,0.8366346439000267, 1
-11.1608539413,349.750305,0.9111589413000161, 1
-11.2054458669,349.773315,0.9787608669000178, 1
-11.147519434,349.76123,0.9087494340000148, 1
-11.0538823924,349.724426,0.7783083923999925, 1
-11.0532934082,349.69873,0.7520234081999888, 1
-11.0527053786,349.713959,0.7666643786000122, 1
-11.0057403996,349.707275,0.7130153995999535, 1
-11.0068420846,349.683533,0.6903750846000207, 1
-11.0544723333,349.704681,0.7591533332999916, 1
-11.1122530382,349.712158,0.824411038199969, 1
-11.1135137912,349.718567,0.832080791199985, 1
-11.1608539413,349.748199,0.9090529412999899, 1
-11.2435237659,349.738373,0.9818967659000464, 1
-11.2420406346,349.761261,1.0033016346000068, 1
-11.2970820384,349.740234,1.0373160383999789, 1
-11.2390888024,349.745483,0.9845718023999552, 1
-11.2390888024,349.736267,0.9753558023999744, 1
-11.1940414335,349.718231,0.912272433499993, 1
-11.1009963811,349.690796,0.791792381099981, 1
-11.1009963811,349.67392,0.774916381100013, 1
-11.2427815965,349.712646,0.9554275964999874, 1
-11.3493149628,349.749512,1.0988269627999898, 1
-11.4428671394,349.770782,1.2136491393999904, 1
-11.3843779181,349.743317,1.127694918100019, 1
-11.2390888024,349.726074,0.9651628023999592, 1
-11.0960103176,349.660431,0.7564413176000357, 1
-11.0503627592,349.636078,0.6864407592000248, 1
-11.1947430794,349.66684,0.8615830793999635, 1
-11.3869507454,349.740509,1.1274597453999604, 1
-11.4364612726,349.76355,1.2000112726000225, 1
-11.3468579379,349.747253,1.094110937899984, 1
-11.1509310156,349.679077,0.8300080156000149, 1
-11.0557226441,349.651001,0.7067236441000091, 1
-11.2361560567,349.66214,0.8982960567000191, 1
-11.4355605328,349.749481,1.185041532800028, 1
-11.5491610875,349.781372,1.3305330874999868, 1
-11.45463483,349.727234,1.1818688299999849, 1
-11.1608539413,349.721222,0.8820759413000019, 1
-10.9583366951,349.611359,0.5696956950999947, 1
-10.8162198366,349.60318,0.41939983660000735, 1
-10.9077852858,349.606506,0.5142912858000273, 1
-11.0991190319,349.648529,0.7476480318999847, 1
-11.4400790377,349.696503,1.136582037700009, 1
-11.6411951321,349.788452,1.4296471321000013, 1
-11.6444422812,349.774719,1.4191612811999903, 1
-11.44463483,349.766113,1.2107478300000025, 1
-11.1968548775,349.688446,0.8853008775000148, 1
-11.0609469937,349.65332,0.7142669936999937, 1
-11.1060103176,349.620697,0.7267073176000167, 1
-11.1984690331,349.662842,0.8613110331000371, 1
-11.2924555833,349.691437,0.9838925833000189, 1
-11.3758919947,349.712402,1.0882939946999954, 1
-11.5741928122,349.723755,1.2979478121999932, 1
-11.7304845118,349.793732,1.5242165117999775, 1
-11.6820445768,349.769684,1.4517285768000079, 1
-11.4419722717,349.716309,1.158281271700048, 1
-11.1535536013,349.621765,0.7753186013000004, 1
-10.9652816846,349.582123,0.5474046845999965, 1
-10.8731044989,349.58313,0.4562344988999598, 1
-11.0527053786,349.590057,0.6427623786000254, 1
-11.3904008712,349.664154,1.0545548712000254, 1
-11.6842625496,349.752197,1.4364595496000447, 1
-11.783765969,349.795288,1.5790539690000287, 1
-11.6404870926,349.763153,1.4036400925999715, 1
-11.3909669962,349.710022,1.1009889961999875, 1
-11.3355488453,349.665527,1.0010758453000221, 1
-11.3355488453,349.698364,1.0339128453000512, 1
-11.3395584034,349.691162,1.0307204034000392, 1
-11.3986729842,349.678406,1.0770789842, 1
-11.4957233816,349.688416,1.184139381600005, 1
-11.4428080093,349.685303,1.128111009299971, 1
-11.1381841672,349.607391,0.7455751672000019, 1
-11.0024566502,349.576263,0.5787196501999574, 1
-10.909664365,349.589233,0.4988973650000048, 1
-10.8748474589,349.559875,0.4347224588999552, 1
-10.9678254701,349.59964,0.5674654701000463, 1
-11.1601848663,349.664276,0.8244608663000008, 1
-11.3938737009,349.697601,1.0914747008999939, 1
-11.4282671867,349.747528,1.175795186699986, 1
-11.2357575478,349.677887,0.9136445478000041, 1
-11.1508539413,349.64267,0.793523941300009, 1
-11.1035137912,349.640808,0.7443217911999795, 1
-11.1135137912,349.659454,0.7729677911999602, 1
-11.1128829015,349.678467,0.7913499014999843, 1
-11.06624792,349.663818,0.7300659200000155, 1
-11.0556550948,349.65036,0.7060150947999659, 1
-11.0568417114,349.668213,0.7250547113999914, 1
-11.1508539413,349.700317,0.8511709412999835, 1
-11.0444723333,349.688446,0.732918333300006, 1
-11.004642277,349.619843,0.6244852770000193, 1
-11.0030017349,349.668335,0.6713367349000237, 1
-11.2405623211,349.708588,0.9491503211000349, 1
-11.5432438156,349.813599,1.3568428156000323, 1
-11.7404845118,349.848907,1.5893915117999882, 1
-11.6458189909,349.837616,1.4834349909000366, 1
-11.3986729842,349.773224,1.171896984200032, 1
-11.1542118999,349.678253,0.8324648999000033, 1
-11.0113691122,349.66745,0.6788191121999603, 1
-10.9647753816,349.647003,0.6117783816000042, 1
-10.9573150704,349.6297,0.5870150704000139, 1
-11.0598252419,349.652405,0.712230241899988, 1
-11.2586252889,349.721405,0.980030288900025, 1
-11.4529306924,349.740387,1.1933176924000009, 1
-11.4629306924,349.777618,1.2405486924000115, 1
-11.3104385873,349.75946,1.0698985872999742, 1
-11.1581841672,349.695709,0.853893167199999, 1
-11.0140945462,349.687195,0.7012895461999733, 1
-10.9673150704,349.687622,0.6549370703999671, 1
-11.004642277,349.687378,0.6920202770000401, 1
-11.0051908941,349.68161,0.6868008940999744, 1
-11.1035137912,349.674988,0.7785017911999716, 1
-11.3475927058,349.732941,1.0805337058000077, 1
-11.4564676901,349.769348,1.225815690099978, 1
-11.211822783,349.785339,0.9971617830000241, 1
-10.8770420503,349.664612,0.5416540502999965, 1
-10.6431581666,349.596161,0.23931916660001207, 1
-10.6793224764,349.577026,0.25634847639997815, 1
-10.8648474589,349.649719,0.5145664588999921, 1
-11.1016241989,349.685699,0.787323198900026, 1
-11.3467588033,349.758087,1.1048458033000088, 1
-11.506683506,349.785004,1.2916875060000166, 1
-11.5105399644,349.784027,1.2945669643999622, 1
-11.2640425721,349.761261,1.025303572099972, 1
-11.008501329,349.662842,0.6713433290000239, 1
-10.8639745743,349.620819,0.48479357429999936, 1
-10.8162198366,349.638489,0.4547088365999912, 1
-10.9110816378,349.673248,0.5843296378000105, 1
-11.3401366487,349.723663,1.0637996487000123, 1
-11.6842625496,349.811707,1.4959695496000336, 1
-11.7362442118,349.808228,1.5444722117999845, 1
-11.6887205787,349.776123,1.4648435786999698, 1
-11.4400790377,349.75473,1.1948090376999971, 1
-11.1933409264,349.683929,0.8772699264000039, 1
-11.0030017349,349.629913,0.6329147348999982, 1
-10.956805494,349.606934,0.5637394940000036, 1
-11.2040414335,349.628815,0.8328564334999555, 1
-11.4999958513,349.711945,1.211940851300028, 1
-11.6998397133,349.773743,1.4735827133000043, 1
-11.6887205787,349.779785,1.4685055786999897, 1
-11.4364612726,349.743744,1.1802052726000056, 1
-11.1448712644,349.645508,0.7903792644000305, 1
-11.0035476995,349.592285,0.595832699500022, 1
-11.0509469937,349.598694,0.649640993700018, 1
-11.3360415964,349.655792,0.9918335963999994, 1
-11.6809383351,349.749664,1.4306023350999908, 1
-11.7873605943,349.766144,1.5535045943000227, 1
-11.6436809529,349.772736,1.416416952900022, 1
-11.344412894,349.700684,1.0450968940000394, 1
-11.1515850758,349.642487,0.7940720758000452, 1
-11.0474556873,349.620148,0.6676036872999589, 1
-11.1428963661,349.654327,0.7972233661000132, 1
-11.3812669415,349.66214,1.0434069414999954, 1
-11.5491544792,349.726471,1.2756254792000163, 1
-11.6009986821,349.697906,1.2989046820999874, 1
-11.3982470054,349.717163,1.1154100054000082, 1
-11.2068548775,349.636902,0.8437568775000273, 1
-11.0609469937,349.63385,0.6947969936999812, 1
-11.1091190319,349.653564,0.7626830318999964, 1
-11.304893809,349.679626,0.9845198090000054, 1
-11.5947099664,349.736542,1.3312519663999751, 1
-11.702273977,349.758087,1.4603609769999935, 1
-11.5511731412,349.772491,1.3236641412000267, 1
-11.2980544475,349.696808,0.9948624474999974, 1
-11.2420406346,349.655121,0.8971616346000246, 1
-11.241300877,349.678986,0.9202868770000237, 1
-11.2901914724,349.681793,0.9719844724000382, 1
-11.3384946179,349.714203,1.0526976178999803, 1
-11.3517840563,349.70285,1.0546340563000172, 1
-11.3559262715,349.706818,1.0627442714999802, 1
-11.3112359196,349.694427,1.005662919600013, 1
-11.4047454819,349.691467,1.096212481900011, 1
-11.4373634893,349.723969,1.1613324893000367, 1
-11.4355605328,349.744904,1.1804645328000447, 1
-11.4346612664,349.713043,1.1477042664000123, 1
-11.4346612664,349.714996,1.14965726639997, 1
-11.3417840563,349.701965,1.043749056299987, 1
-11.2472528267,349.641052,0.8883048266999936, 1
-11.2003975759,349.641785,0.8421825759000399, 1
-11.2472528267,349.63681,0.884062826700017, 1
-11.3501366487,349.670563,1.020699648700031, 1
-11.2550117386,349.696686,0.9516977385999894, 1
-11.1147786599,349.652252,0.7670306599000014, 1
-11.0212847932,349.608643,0.6299277931999541, 1
-11.0207262844,349.60553,0.6262562843999717, 1
-11.0686289055,349.610687,0.6793159055000046, 1
-11.0686289055,349.636047,0.7046759055000393, 1
-11.1608539413,349.677216,0.8380699412999775, 1
-11.2925368804,349.691772,0.9843088804000217, 1
-11.5802772079,349.734894,1.3151712078999935, 1
-11.7259109046,349.80719,1.533100904600019, 1
-11.7742672021,349.800629,1.5748962021000352, 1
-11.6315499588,349.795837,1.4273869588000139, 1
-11.3969507454,349.740082,1.1370327453999494, 1
-11.2542671456,349.650696,0.9049631455999929, 1
-11.2125371396,349.660004,0.8725411396000027, 1
-11.2648032094,349.66925,0.9340532093999627, 1
-11.3028345321,349.682648,0.9854825320999794, 1
-11.2032526685,349.680115,0.8833676685, 1
-11.0096119952,349.613098,0.6227099951999548, 1
-10.9134590735,349.593903,0.507362073500019, 1
-10.9588487473,349.611633,0.5704817472999935, 1
-11.0068420846,349.621613,0.6284550846000343, 1
-11.211822783,349.657379,0.8692017829999941, 1
-11.4492283693,349.760254,1.2094823692999626, 1
-11.5521849971,349.759521,1.3117059971000344, 1
-11.4171028602,349.754578,1.171680860199956, 1
-11.2161265665,349.724487,0.9406135665000193, 1
-11.0207262844,349.654175,0.6749012843999935, 1
-10.9248948051,349.621582,0.5464768050999851, 1
-10.8779248746,349.628906,0.5068308745999843, 1
-10.9619385445,349.642395,0.6043335445000366, 1
-11.1022530382,349.675629,0.7778820382000049, 1
-11.1179589696,349.691193,0.8091519696000091, 1
-11.3152423694,349.71524,1.0304823693999765, 1
-11.2655651021,349.778748,1.044313102100034, 1
-11.1154126439,349.716492,0.8319046439000317, 1
-11.0073942683,349.704529,0.7119232682999836, 1
-11.0062907957,349.653717,0.6600077956999826, 1
-11.1128829015,349.709259,0.8221419015000038, 1
-11.3592646363,349.74292,1.1021846363000236, 1
-11.55016297,349.800507,1.3506699699999558, 1
-11.5511731412,349.796967,1.3481401412000196, 1
-11.2540425721,349.770264,1.024306572099988, 1
-10.9729751859,349.666107,0.6390821859000084, 1
-10.8774831045,349.618866,0.496349104500041, 1
-10.9609052684,349.631744,0.5926492684000095, 1
-11.1495168807,349.659576,0.8090928807000068, 1
-11.3417840563,349.714111,1.0558950563000167, 1
-11.5905521878,349.765686,1.3562381878000451, 1
-11.6932082956,349.827118,1.5203262956000003, 1
-11.492852522,349.798981,1.2918335220000472, 1
-11.2909720002,349.692413,0.9833850001999735, 1
-11.1555316976,349.662872,0.8184036975999902, 1
-11.2033409264,349.645752,0.8490929264000329, 1
-11.4012669415,349.693634,1.0949009414999864, 1
-11.6533580991,349.780396,1.4337540990999855, 1
-11.7567329903,349.798584,1.555316990300014, 1
-11.5531385918,349.792236,1.3453745918000095, 1
-11.2557575478,349.696228,0.9519855478000068, 1
-11.0638823924,349.642303,0.7061853924000161, 1
-11.017947349,349.588989,0.6069363490000228, 1
-11.0656550948,349.645447,0.7111020947999691, 1
-11.1996867197,349.652313,0.851999719700018, 1
-11.4947648454,349.686005,1.1807698454000501, 1
-11.6444422812,349.742432,1.3868742811999937, 1
-11.4437206666,349.779846,1.2235666666000498, 1
-11.2082684877,349.686127,0.8943954877000238, 1
-11.157519434,349.654236,0.8117554340000197, 1
-11.1926415553,349.674408,0.8670495553000137, 1
-11.2855348848,349.691956,0.9774908847999768, 1
-11.334412894,349.680939,1.015351894000048, 1
-11.4355605328,349.706024,1.1415845328000387, 1
-11.5371821643,349.714111,1.251293164300023, 1
-11.6458189909,349.75943,1.40524899090002, 1
-11.6931526469,349.763641,1.456793646899996, 1
-11.7281939352,349.776398,1.5045919351999828, 1
-11.7259109046,349.758667,1.4845779045999734, 1
-11.6776305345,349.763031,1.4406615345000091, 1
-11.5802772079,349.724243,1.3045202078999978, 1
-11.5322632673,349.717896,1.2501592672999777, 1
-11.4852659821,349.67984,1.1651059820999876, 1
-11.5322632673,349.671051,1.2033142672999588, 1
-11.4852659821,349.698517,1.183782982099956, 1
-11.4473634893,349.699615,1.146978489300011, 1
-11.4473634893,349.683258,1.1306214893000401, 1
-11.4373634893,349.686035,1.1233984893000297, 1
-11.5312843267,349.695831,1.2271153267000159, 1
-11.5802772079,349.732697,1.3129742078999698, 1
-11.579258982,349.738831,1.3180899820000036, 1
-11.5312843267,349.682922,1.2142063267000367, 1
-11.3904008712,349.687531,1.0779318712000077, 1
-11.2980544475,349.674652,0.972706447500002, 1
-11.2046872554,349.654114,0.8588012554000102, 1
-11.205406319,349.659943,0.8653493190000177, 1
-11.2972623427,349.685608,0.9828703426999823, 1
-11.353436867,349.733215,1.0866518670000005, 1
-11.3895362199,349.709747,1.0992832198999736, 1
-11.3426097846,349.687256,1.0298657846000197, 1
-11.2972623427,349.720947,1.018209342700004, 1
-11.2495049409,349.692871,0.9423759409000354, 1
-11.2941068809,349.710205,1.0043118808999907, 1
-11.3417840563,349.744354,1.0861380563000012, 1
-11.3895362199,349.77182,1.1613562198999716, 1
-11.3904008712,349.771423,1.1618238711999993, 1
-11.343436867,349.755554,1.0989908669999977, 1
-11.3930033528,349.744019,1.1370223527999883, 1
-11.4852659821,349.74234,1.2276059820999876, 1
-11.4355605328,349.769989,1.2055495328000347, 1
-11.4355605328,349.781403,1.2169635328000368, 1
-11.3886729842,349.774017,1.1626899842000284, 1
-11.294893809,349.733856,1.0287498089999758, 1
-11.2572528267,349.714935,0.9721878267000079, 1
-11.3493149628,349.731567,1.0808819627999924, 1
-11.5335102104,349.789398,1.3229082103999872, 1
-11.624751503,349.816498,1.4412495030000514, 1
-11.6137161013,349.791595,1.405311101299958, 1
-11.5661724922,349.798004,1.364176492199988, 1
-11.4731480351,349.779541,1.2526890350999906, 1
-11.4731480351,349.779663,1.2528110351000237, 1
-11.4275197494,349.765961,1.1934807494000097, 1
-11.4346612664,349.738739,1.1734002663999945, 1
-11.5332438156,349.752563,1.285806815599983, 1
-11.4824466423,349.776886,1.2593326422999667, 1
-11.3363481704,349.724243,1.0605911704000164, 1
-11.2339006123,349.677826,0.9117266122999581, 1
-11.2389065009,349.700226,0.9391325008999729, 1
-11.6362530659,349.739929,1.376182065900025, 1
-11.8877612089,349.831696,1.7194572088999962, 1
-11.8981274355,349.836212,1.734339435499976, 1
-11.7397230257,349.818054,1.5577770257000338, 1
-11.3775781798,349.729218,1.1067961798000283, 1
-11.096228902,349.642731,0.7389599020000333, 1
-11.0488731466,349.619446,0.6683191465999698, 1
-11.2886343449,349.637451,0.9260853449000024, 1
-11.6468906623,349.739594,1.3864846623000062, 1
-11.9629759293,349.822174,1.7851499293000188, 1
-12.0140671852,349.828796,1.8428631852000308, 1
-11.6347490892,349.795105,1.4298540891999778, 1
-11.1863978887,349.659454,0.8458518886999968, 1
-10.9592593129,349.599945,0.5592043128999649, 1
-10.9592593129,349.576935,0.5361943128999656, 1
-11.0486157049,349.629456,0.6780717048999918, 1
-11.4483066194,349.669861,1.118167619400026, 1
-11.8142793666,349.769989,1.5842683665999857, 1
-11.9126105235,349.831268,1.7438785235000296, 1
-11.492852522,349.790436,1.2832885220000207, 1
-11.0503627592,349.633606,0.6839687592000132, 1
-10.8709415134,349.568939,0.43988051339999856, 1
-10.9177852858,349.589417,0.5072022858000196, 1
-11.0597794677,349.645844,0.7056234677000361, 1
-11.4464612726,349.697601,1.1440622726000242, 1
-11.9575729256,349.8237,1.7812729255999784, 1
-12.1157348817,349.864258,1.9799928817000136, 1
-11.7467329903,349.816162,1.5628949903000375, 1
-11.1975611063,349.668274,0.8658351062999827, 1
-11.0040945462,349.585144,0.589238546200022, 1
-11.0162907957,349.641052,0.6573427957000035, 1
-11.0201686858,349.633392,0.6535606858000165, 1
-11.0604248793,349.638824,0.6992488793000007, 1
-11.3417840563,349.724823,1.066607056300029, 1
-11.5293312528,349.792908,1.3222392527999887, 1
-11.5752027317,349.789398,1.3646007317000226, 1
-11.4824466423,349.775574,1.2580206422999822, 1
-11.3886729842,349.725616,1.1142889842000159, 1
-11.3886729842,349.694122,1.0827949842000066, 1
-11.4346612664,349.723053,1.157714266399978, 1
-11.5283571117,349.741425,1.2697821117000103, 1
-11.5752027317,349.768127,1.3433297317000097, 1
-11.620999451,349.768311,1.3893104509999716, 1
-11.5721779168,349.763214,1.3353919168000061, 1
-11.490574762,349.744324,1.2348987620000003, 1
-11.3517840563,349.702087,1.0538710563000109, 1
-11.2465045762,349.66095,0.9074545761999957, 1
-11.3384946179,349.679199,1.0176936178999654, 1
-11.3384946179,349.69693,1.0354246178999915, 1
-11.2457575478,349.678925,0.9246825477999892, 1
-11.1515241083,349.669098,0.8206221083000287, 1
-11.1982684877,349.690247,0.8885154876999763, 1
-11.3376756107,349.710754,1.0484296106999977, 1
-11.5322632673,349.767426,1.299689267299982, 1
-11.7766301311,349.809082,1.5857121310999673, 1
-11.5762143044,349.816406,1.3926203043999976, 1
-11.2832235405,349.735901,1.0191245405000018, 1
-11.1970871576,349.695343,0.8924301575999607, 1
-11.1991616451,349.708099,0.9072606450999956, 1
-11.4455605328,349.704224,1.1497845328000267, 1
-11.843726276,349.814819,1.658545275999984, 1
-11.8877612089,349.89212,1.7798812088999512, 1
-11.5762143044,349.818146,1.3943603044000383, 1
-11.2816888666,349.739868,1.021556866600008, 1
-11.185709729,349.690186,0.8758957289999785, 1
-11.2893961295,349.682037,0.9714331294999852, 1
-11.6832454588,349.745392,1.428637458799983, 1
-12.2044339702,349.898315,2.1027489702000253, 1
-12.4288677726,349.957642,2.386509772599993, 1
-12.1063845543,349.902252,2.008636554299983, 1
-11.5293312528,349.754456,1.283787252799982, 1
-11.2909233873,349.663605,0.9545283873000017, 1
-11.245425831,349.678497,0.9239228309999703, 1
-11.2505623211,349.703522,0.9540843211000265, 1
-11.3017538018,349.70108,1.0028338017999658, 1
-11.3426097846,349.693298,1.035907784599999, 1
-11.4824466423,349.721405,1.2038516422999805, 1
-11.6230957373,349.756622,1.379717737299984, 1
-11.7168535078,349.796356,1.5132095078000134, 1
-11.7637297257,349.778595,1.5423247256999844, 1
-11.8106040857,349.800751,1.6113550856999836, 1
-11.7257296648,349.797699,1.523428664800008, 1
-11.5841928122,349.730713,1.3149058121999815, 1
-11.5364136019,349.689331,1.2257446018999758, 1
-11.4787089907,349.68512,1.163828990699983, 1
-11.5244764296,349.694244,1.2187204296000118, 1
-11.5711729328,349.695312,1.2664849327999832, 1
-11.6168273669,349.721954,1.3387813668999797, 1
-11.6613335719,349.724243,1.3855765719000033, 1
-11.8010693177,349.776367,1.5774363177000055, 1
-11.8929602087,349.791016,1.6839762087000167, 1
-11.9420841277,349.782349,1.7244331277000242, 1
-11.8980003794,349.755707,1.6537073793999753, 1
-11.8992655609,349.732452,1.6317175609000287, 1
-11.9459847718,349.7612,1.707184771799973, 1
-11.817013953,349.737457,1.5544709530000205, 1
-11.6756404317,349.664276,1.3399164316999759, 1
-11.6634834939,349.678619,1.342102493900029, 1
-11.7090250173,349.687927,1.3969520173000092, 1
-11.7079139364,349.680756,1.3886699363999924, 1
-11.7544925379,349.693909,1.448401537899997, 1
-11.8022543749,349.727997,1.53025137489999, 1
-11.8488662557,349.741852,1.5907182556999828, 1
-11.9394942603,349.729584,1.6690782603000116, 1
-11.9846976338,349.763,1.7476976337999872, 1
-11.9382024799,349.754486,1.6926884798999708, 1
-11.8929602087,349.724792,1.617752208699983, 1
-11.7567905505,349.715271,1.4720615504999728, 1
-11.8046302846,349.677429,1.4820592846000409, 1
-11.9018021256,349.7258,1.6276021255999922, 1
-11.9056225522,349.71756,1.623182552199978, 1
-11.9056225522,349.726776,1.6323985521999589, 1
-11.9081799487,349.738861,1.6470409487000097, 1
-12.0048562768,349.734985,1.739841276800007, 1
-12.1445331272,349.760956,1.9054891272000418, 1
-12.1915405576,349.81311,2.004650557599973, 1
-12.0960909587,349.756836,1.8529269587000385, 1
-11.9043469926,349.696136,1.600482992600007, 1
-11.8513163086,349.675201,1.5265173086000345, 1
-11.8980003794,349.718109,1.6161093794000294, 1
-12.0407957758,349.760315,1.801110775799998, 1
-12.0903848579,349.779816,1.870200857899988, 1
-12.1357491527,349.782013,1.9177621526999928, 1
-12.1810389436,349.78949,1.9705289436000157, 1
-12.1825318231,349.807983,1.9905148230999998, 1
-12.0918078821,349.766632,1.858439882100015, 1
-12.1372071654,349.741913,1.8791201654000247, 1
