140.000083365,0.0,140.000083365, 0
140.000083365,0.0,140.000083365, 0
139.990083365,0.0,139.990083365, 0
136.258687963,0.0,136.258687963, 0
136.248687963,0.0,136.248687963, 0
136.248687963,0.0,136.248687963, 0
136.238687963,0.0,136.238687963, 0
136.238687963,0.0,136.238687963, 0
136.228687963,0.0,136.228687963, 0
136.228687963,0.0,136.228687963, 0
136.218687963,0.0,136.218687963, 0
136.218687963,0.0,136.218687963, 0
136.208687963,0.0,136.208687963, 0
136.208687963,0.0,136.208687963, 0
136.198687963,0.0,136.198687963, 0
136.198687963,0.0,136.198687963, 0
136.188687963,0.0,136.188687963, 0
139.920083365,0.0,139.920083365, 0
139.910083365,0.0,139.910083365, 0
139.900083365,0.0,139.900083365, 0
139.900083365,0.0,139.900083365, 0
139.890083365,0.0,139.890083365, 0
135.564051481,0.0,135.564051481, 0
135.564051481,160.743103,25.179051518999984, 0
135.554051481,302.266968,166.71291651900003, 0
135.544051481,86.0486908,49.495360680999994, 0
135.544051481,335.222656,160.32139548100002, 0
135.534051481,205.102066,69.568014519, 0
136.118687963,199.151581,63.03289303699998, 0
0.0,284.356934,75.64306599999998, 0
-48.3200069813,304.951569,6.728424018700025, 0
-3.33,290.300476,66.36952400000001, 0
94.7900983224,292.900879,161.88921932240004, 0
116.916394498,306.799072,170.11732249799996, 0
126.896292471,309.728394,177.167898471, 0
142.979895956,338.331055,164.64884095600002, 0
162.643745444,329.918488,167.27474255600004, 0
-177.609403925,4.31607008,178.074525995, 0
-177.599403925,320.18924,137.78864392499997, 0
176.69,326.703796,150.013796, 0
165.380061484,318.95166,153.571598516, 0
148.069516733,297.864014,149.794497267, 0
145.716221395,296.889587,151.17336560500001, 0
158.245042538,300.875916,142.630873462, 0
158.245042538,321.542053,163.297010462, 0
147.625379724,299.922241,152.296861276, 0
136.120083365,285.407654,149.28757063499998, 0
143.285108553,272.619873,129.334764447, 0
128.059996073,229.468369,101.40837292699999, 0
83.09,212.782761,129.692761, 0
114.05374896,295.479065,178.57468396000002, 0
123.691275385,286.683838,162.992562615, 0
120.944953907,284.084503,163.13954909299997, 0
124.23589965,312.717224,171.51867565, 0
142.076221395,315.444214,173.36799260499998, 0
158.09856421,323.693359,165.59479478999998, 0
166.689797654,329.265411,162.57561334599998, 0
170.017206954,314.190796,144.173589046, 0
158.10856421,286.302979,128.19441479, 0
131.062749608,266.875763,135.81301339200002, 0
112.407679835,269.734802,157.327122165, 0
109.624946457,282.935394,173.31044754299998, 0
120.934864673,299.621979,178.68711432700002, 0
133.577442942,331.109497,162.46794594200003, 0
146.484904142,84.7237244,61.76117974200001, 0
157.10458658,140.814621,16.28996558, 0
144.429516733,154.59111,10.161593266999972, 0
119.909846124,184.959167,65.04932087600001, 0
119.919806051,139.658401,19.738594949000003, 0
120.45525178,171.850723,51.39547121999999, 0
121.207154093,134.095383,12.888228906999998, 0
128.049972075,119.642746,8.407226074999997, 0
123.651275385,127.526695,3.8754196149999984, 0
125.323639489,118.650536,6.673103488999999, 0
135.471356098,93.4619751,42.009380998, 0
143.295078104,96.4279938,46.867084304, 0
153.386153276,107.589081,45.797072275999994, 0
157.09458658,124.337013,32.75757358, 0
152.00246763,118.37159,33.630877630000015, 0
143.295078104,130.896271,12.398807103999985, 0
133.234379695,140.691132,7.456752305000009, 0
128.049964657,117.263077,10.786887657000008, 0
128.04997862,106.569191,21.480787619999987, 0
139.359911933,90.9492493,48.410662633, 0
153.056879184,73.3202209,79.736658284, 0
150.420115017,77.7002182,72.719896817, 0
142.076221395,91.3349609,50.741260495000006, 0
131.406430475,89.1337891,42.272641375000006, 0
125.027171852,41.9363785,83.09079335199999, 0
146.47492369,54.2407074,92.23421629, 0
173.04,68.5214386,104.5185614, 0
173.04,83.9375992,89.1024008, 0
146.47494254,69.4832382,76.99170434, 0
131.854051481,48.0764084,83.77764308100001, 0
143.295078104,0.0125799999,143.2824981041, 0
149.077462228,20.7271194,128.350342828, 0
149.077462228,55.0691071,94.008355128, 0
139.349875415,171.836655,32.486779584999994, 0
135.471356098,136.491333,1.0199769019999962, 0
140.294726358,76.102417,64.19230935799999, 0
153.589932215,79.8636246,73.72630761500001, 0
153.589932215,59.4569168,94.133015415, 0
146.474904142,138.033783,8.441121142000014, 0
141.422459192,128.159683,13.26277619199999, 0
133.740552792,141.044144,7.303591208, 0
131.396430475,126.508148,4.888282474999983, 0
128.01997862,129.09967,1.079691380000014, 0
128.019972075,124.851578,3.168394074999995, 0
136.992592161,77.9142609,59.078331261, 0
143.275078104,51.79599,91.47908810399998, 0
153.589932215,46.86026,106.72967221500001, 0
153.589932215,63.4830589,90.106873315, 0
144.719211813,92.7940445,51.92516731299999, 0
134.360159393,117.177757,17.182402393000004, 0
133.730552792,101.172791,32.557761791999994, 0
133.214379695,97.4234161,35.790963594999994, 0
130.746264518,102.497765,28.248499518000003, 0
113.983726245,122.493195,8.509468755, 0
98.9653880634,113.590981,14.6255929366, 0
128.019998255,101.995598,26.02440025499999, 0
173.02,88.8791962,84.14080380000001, 0
173.02,69.285881,103.734119, 0
160.491186808,71.9110718,88.580115008, 0
156.320746319,58.1179085,98.202837819, 0
160.491186808,74.8216476,85.669539208, 0
146.44494254,91.1325302,55.312412339999995, 0
151.208587204,87.4380341,63.770553104, 0
146.44494603,85.9003296,60.544616430000005, 0
139.319930192,127.259659,12.060271191999988, 0
154.575050217,64.8221207,89.75292951700001, 0
163.547675999,31.3268795,132.22079649900002, 0
167.299403925,18.0182991,149.281104825, 0
158.973745444,352.573975,166.39977044399998, 0
154.575027179,3.47128987,151.103737309, 0
152.453923412,344.419159,168.03476441200002, 0
147.993070516,291.150177,143.157106484, 0
148.224832757,133.089981,15.134851757000007, 0
151.198577273,159.38652,8.187942726999978, 0
152.443946938,156.318741,3.874794061999978, 0
142.04623795,154.528229,12.481991050000005, 0
142.04623795,158.104141,16.057903049999993, 0
142.04623795,150.016052,7.9698140499999965, 0
146.43494603,146.00444,0.43050603000000365, 0
173.0,132.605423,40.394577, 0
-141.999999564,124.981888,93.01811243600002, 0
173.0,131.647934,41.35206600000001, 0
173.0,184.107361,11.107360999999997, 0
157.054599719,354.639526,162.41507371900002, 0
140.994601888,285.112091,144.11748911200002, 0
127.999972075,302.232727,174.232754925, 0
128.00997862,312.890747,175.11923162000002, 0
137.472308587,346.864075,150.60823358699997, 0
142.03623795,20.74333,121.29290794999999, 0
146.43494254,344.737213,161.69772954, 0
146.43494254,9.50664997,136.92829257, 0
163.527675999,29.8572388,133.670437199, 0
-172.973751604,29.9641495,157.062098896, 0
177.753645205,356.7789,179.02525479500002, 0
172.99,325.400208,152.410208, 0
154.555027179,270.946075,116.391047821, 0
153.336153276,283.831329,130.49517572399998, 0
157.734871033,143.069244,14.665627032999993, 0
149.79140243,194.559586,44.76818356999999, 0
121.659798889,199.644897,77.98509811099999, 0
127.989989092,222.658707,94.66871790799999, 0
161.680061484,34.7056389,126.974422584, 0
172.99,125.410767,47.579233, 0
172.99,146.124741,26.86525900000001, 0
-177.487675999,171.249313,11.263011000999995, 0
-5.76,185.503159,168.736841, 0
-3.58394276109,346.930817,9.485240238910023, 0
-3.14989187826,350.834259,6.015849121740018, 0
-3.72207928382,353.161865,3.1160557161800284, 0
-3.97959445246,352.540497,3.479908547539992, 0
-3.35726868012,352.333862,4.308869319879989, 0
-2.04335110439,352.399628,5.5570208956099805, 0
-0.560167966817,352.703339,6.736493033182967, 0
0.123910220684,353.320374,6.803536220684009, 0
-0.250549674965,353.999786,5.749664325035042, 0
-0.848302181395,354.394958,4.756739818605013, 0
-1.31701480951,354.762878,3.9201071904900004, 0
-1.45549368638,354.784241,3.760265313619982, 0
-1.37032983805,354.773743,3.855927161949978, 0
-1.21021166319,354.809357,3.9804313368099997, 0
-0.884797795729,354.841003,4.274199204270985, 0
-0.46900332748,354.823181,4.7078156725200415, 0
-0.0935062230011,355.018433,4.888060776998884, 0
0.130982593956,355.227417,4.903565593955989, 0
0.41561009368,355.374176,5.041434093680039, 0
0.660938887245,355.525085,5.135853887244991, 0
0.752278642372,355.770294,4.981984642372026, 0
0.793760772831,356.032471,4.761289772830992, 0
0.834920213904,356.167603,4.6673172139040275, 0
0.995105068775,356.280029,4.715076068774977, 0
1.15087095265,356.431122,4.719748952649979, 0
1.30443552176,356.556213,4.748222521759999, 0
1.3753642126,356.740417,4.634947212600025, 0
1.38591572161,356.943024,4.44289172161001, 0
1.39195134005,357.03952,4.352431340050032, 0
1.40048098687,357.157837,4.242643986870007, 0
1.45710882021,357.205566,4.251542820210034, 0
1.62126729791,357.201691,4.419576297909998, 0
1.77211341686,357.30661,4.465503416860031, 0
1.81606593642,357.364288,4.451777936420001, 0
1.83654497039,357.437378,4.399166970389956, 0
1.86953880773,357.497772,4.371766807730012, 0
1.82443525845,357.573669,4.250766258450028, 0
1.74336990033,357.689392,4.053977900329983, 0
1.74005998318,357.684082,4.055977983180014, 0
1.77403107949,357.728882,4.045149079489988, 0
1.78174958999,357.697144,4.084605589990019, 0
1.82227154069,357.690521,4.131750540690007, 0
1.85806734534,357.723083,4.134984345340001, 0
1.80288860592,357.704651,4.098237605919962, 0
1.78619106737,357.745941,4.040250067369982, 0
1.66972475162,357.761902,3.9078227516199604, 0
1.60993620408,357.779205,3.8307312040799957, 0
1.6068876327,357.766327,3.840560632700033, 0
1.5740555595,357.773407,3.8006485594999617, 0
1.44716748298,357.797668,3.6494994829799907, 0
1.33114213406,357.793915,3.537227134059947, 0
1.23845827108,357.748505,3.489953271079969, 0
1.22359260068,357.693207,3.530385600680006, 0
1.18898403088,357.667603,3.521381030880036, 0
1.0801775509,357.663971,3.4162065508999717, 0
0.978866276156,357.622803,3.3560632761560214, 0
0.958971765632,357.555603,3.403368765631967, 0
0.929043145425,357.469025,3.4600181454250105, 0
0.896808847859,357.422852,3.4739568478590286, 0
0.820098301359,357.365845,3.4542533013590173, 0
0.787873916579,357.316467,3.471406916578985, 0
0.783446334223,357.284424,3.499022334223014, 0
0.716883104443,357.260803,3.4560801044430036, 0
0.660381392166,357.212097,3.448284392165988, 0
0.591840934798,357.164093,3.427747934797992, 0
0.565543445347,357.134308,3.4312354453469993, 0
0.467193346316,357.12381,3.3433833463159885, 0
0.435097735386,357.052002,3.383095735386007, 0
0.338798148419,357.023865,3.3149331484190157, 0
0.274587975183,356.99939,3.275197975183005, 0
0.17638756548,357.003723,3.1726645654800336, 0
0.140591012654,356.942932,3.1976590126540145, 0
0.167069752133,356.873657,3.2934127521330083, 0
0.259280761034,356.775055,3.484225761033997, 0
0.269280761034,356.757294,3.511986761033995, 0
0.111219735409,356.802032,3.3091877354090116, 0
0.0152162161315,356.799683,3.215533216131462, 0
-0.0790823579705,356.760101,3.160816642029488, 0
-0.04705675031,356.718994,3.2339492496899993, 0
0.0134455112569,356.660492,3.352953511256942, 0
0.0134455112569,356.618378,3.3950675112569115, 0
0.0490089119178,356.586731,3.462277911917795, 0
0.0152162161315,356.56897,3.446246216131499, 0
-0.0185425310522,356.615967,3.365490468947769, 0
-0.107918081789,356.61557,3.2765119182109856, 0
-0.151560104339,356.583466,3.264973895661001, 0
-0.181843010786,356.582092,3.2360649892140145, 0
-0.149879655147,356.535187,3.3149333448529887, 0
-0.119615403288,356.49231,3.3880745967120447, 0
-0.0893847775321,356.482422,3.4281932224679394, 0
-0.0574605357178,356.455688,3.4868514642822106, 0
0.00638244197286,356.444153,3.5622294419728746, 0
0.00462159602097,356.449524,3.555097596020971, 0
-0.017282146725,356.45993,3.5227878532750196, 0
-0.114696017675,356.481689,3.4036149823249957, 0
-0.119759671883,356.466553,3.413687328117021, 0
-0.126484971879,356.470459,3.403056028121, 0
-0.096403061333,356.46524,3.4383569386670274, 0
-0.126484971879,356.484497,3.389018028121029, 0
-0.18839557891,356.500061,3.3115434210899934, 0
-0.151603531041,356.481506,3.3668904689589567, 0
-0.114696017675,356.428955,3.4563489823250393, 0
-0.0491877334565,356.41156,3.5392522665434853, 0
-0.019024226667,356.441681,3.5392947733329834, 0
-0.0409130063568,356.481201,3.4778859936432127, 0
-0.0810951464884,356.497009,3.4218958535116144, 0
-0.113004368129,356.502716,3.3842796318709816, 0
-0.176828166441,356.545685,3.27748683355901, 0
-0.239032807256,356.530548,3.230419192743966, 0
-0.210383899478,356.510223,3.279393100521986, 0
-0.149934286102,356.537476,3.312589713897978, 0
-0.0560773075103,356.46225,3.481672692489724, 0
-0.022502568856,356.462158,3.515339431144014, 0
-0.00902422666699,356.471527,3.5194487733330106, 0
-0.00728214672504,356.502167,3.4905508532749536, 0
-0.00728214672504,356.495087,3.497630853274927, 0
-0.00728214672504,356.524597,3.468120853274911, 0
-0.0374605357178,356.52359,3.4389494642821887, 0
-0.0340003530836,356.567535,3.398464646916352, 0
-0.0996154032879,356.62558,3.2748045967121016, 0
-0.146590213973,356.621094,3.232315786026959, 0
-0.138263181428,356.612915,3.2488218185720257, 0
-0.139934286102,356.617889,3.2421767138980044, 0
-0.170142347288,356.633209,3.1966486527119855, 0
-0.20202326269,356.633911,3.164065737310011, 0
-0.265790271485,356.646423,3.0877867285149705, 0
-0.232283353319,356.63028,3.1374366466809533, 0
-0.233905909976,356.631866,3.13422809002401, 0
-0.233905909976,356.614502,3.151592090023996, 0
-0.232283353319,356.627136,3.1405806466809736, 0
-0.296087394714,356.631348,3.0725646052860043, 0
-0.327991946866,356.647034,3.024974053133974, 0
-0.361453464632,356.66214,2.976406535367971, 0
-0.327991946866,356.62561,3.0463980531339985, 0
-0.262576985832,356.612274,3.1251490141679596, 0
-0.198742707697,356.580139,3.2211182923030037, 0
-0.138263181428,356.560181,3.3015558185720124, 0
-0.139934286102,356.572784,3.2872817138979826, 0
-0.206930410813,356.626129,3.166940589186993, 0
-0.27059679469,356.648956,3.0804472053100085, 0
-0.334269930307,356.691681,2.974049069692967, 0
-0.366108986051,356.679504,2.954387013948974, 0
-0.331134435028,356.642761,3.0261045649720018, 0
-0.294496687259,356.627197,3.078306312740949, 0
-0.25935652331,356.62262,3.118023476690041, 0
-0.230658986735,356.590149,3.1791920132649807, 0
-0.166828166441,356.567505,3.2656668335590098, 0
-0.104696017675,356.607971,3.2873329823249833, 0
-0.138263181428,356.601746,3.259990818572021, 0
-0.166828166441,356.645203,3.1879688335590117, 0
-0.229032807256,356.651428,3.119539192744014, 0
-0.260967653152,356.683807,3.055225346847976, 0
-0.324842442865,356.7099,2.9652575571349757, 0
-0.355221835141,356.709686,2.935092164859043, 0
-0.324842442865,356.678345,2.9968125571350015, 0
-0.292904204276,356.65802,3.0490757957239794, 0
-0.291309942848,356.681946,3.0267440571520297, 0
-0.25935652331,356.639465,3.101178476690052, 0
-0.229032807256,356.653564,3.117403192744007, 0
-0.230658986735,356.655762,3.113579013264996, 0
-0.262576985832,356.688049,3.049374014167995, 0
-0.294496687259,356.684113,3.021390312740948, 0
-0.358341126165,356.701111,2.940547873834987, 0
-0.390265828157,356.71225,2.8974841718430184, 0
-0.390265828157,356.725861,2.8838731718429926, 0
-0.390265828157,356.707184,2.902550171843018, 0
-0.326418073284,356.679749,2.9938329267159816, 0
-0.282904204276,356.648132,3.0689637957240166, 0
-0.230658986735,356.648315,3.1210260132649523, 0
-0.232283353319,356.63092,3.1367966466809776, 0
-0.20202326269,356.614258,3.1837187373100164, 0
-0.193660800326,356.640411,3.165928199674056, 0
-0.203660800326,356.656952,3.1393871996739904, 0
-0.265790271485,356.676819,3.0573907285149744, 0
-0.361453464632,356.72287,2.915676535367993, 0
-0.359898163043,356.689453,2.9506488369569865, 0
-0.454120108463,356.724365,2.821514891537049, 0
-0.484558325633,356.726471,2.7889706743670217, 0
-0.486049651258,356.722168,2.7917823487420037, 0
-0.479027315393,356.726501,2.7944716846070037, 0
-0.510924754131,356.726196,2.7628792458689873, 0
-0.512394285042,356.698792,2.788813714957996, 0
-0.415237173765,356.641754,2.9430088262350296, 0
-0.349898163043,356.63089,3.01921183695697, 0
-0.317991946866,356.658051,3.0239570531339837, 0
-0.349898163043,356.66037,2.9897318369569916, 0
-0.415237173765,356.690948,2.8938148262350296, 0
-0.384881273242,356.642548,2.972570726758022, 0
-0.353007033773,356.630157,3.0168359662270063, 0
-0.353007033773,356.673553,2.9734399662269766, 0
-0.415237173765,356.689209,2.895553826235016, 0
-0.39180602553,356.654236,2.953957974469972, 0
-0.393344506287,356.67392,2.9327354937129826, 0
-0.428275405405,356.683319,2.888405594595042, 0
-0.494962771334,356.708344,2.7966932286660153, 0
-0.56151582453,356.715027,2.7234571754700028, 0
-0.548624912331,356.700684,2.750691087668997, 0
-0.57328678015,356.712891,2.7138222198499875, 0
-0.603783425386,356.719849,2.676367574614005, 0
-0.57184767697,356.696442,2.731710323030029, 0
-0.539913453287,356.682617,2.7774695467130073, 0
-0.549913453287,356.696472,2.7536145467129813, 0
-0.539913453287,356.694519,2.7655675467129868, 0
-0.613783425386,356.724396,2.661820574614012, 0
-0.670434918363,356.729156,2.6004090816369967, 0
-0.641332825247,356.673767,2.684900174753011, 0
-0.577594473559,356.688965,2.7334405264410293, 0
-0.608045405518,356.691681,2.7002735944819847, 0
-0.635720680747,356.69043,2.6738493192530086, 0
-0.600934167988,356.662079,2.7369868320120077, 0
-0.568964646744,356.632263,2.79877235325597, 0
-0.471570673606,356.615173,2.9132563263939915, 0
-0.441102039538,356.612793,2.9461049604619802, 0
-0.477539313602,356.666901,2.85555968639801, 0
-0.513862179472,356.712463,2.773674820527958, 0
-0.644129531359,356.743652,2.6122184686410037, 0
-0.705077093155,356.721863,2.5730599068450033, 0
-0.671820345041,356.710785,2.617394654959014, 0
-0.705077093155,356.721069,2.573853906844988, 0
-0.738300159583,356.727753,2.533946840417002, 0
-0.735601140003,356.723907,2.5404918599970188, 0
-0.732896096993,356.715851,2.5512529030070255, 0
-0.73154131052,356.701172,2.5672866894799995, 0
-0.666269353749,356.653717,2.680013646251041, 0
-0.602359592156,356.635193,2.762447407843979, 0
-0.57472427889,356.619141,2.80613472110997, 0
-0.577594473559,356.643127,2.7792785264410327, 0
-0.603783425386,356.695587,2.7006295746140268, 0
-0.6620898088,356.670898,2.6670121912000013, 0
-0.659295644536,356.683167,2.657537355464001, 0
-0.624420886139,356.642517,2.733062113861024, 0
-0.623001282561,356.643188,2.7338107174389847, 0
-0.558823111885,356.612457,2.8287198881150175, 0
-0.526736339994,356.652344,2.820919660005984, 0
-0.503552458209,356.626648,2.8697995417909965, 0
-0.479027315393,356.649506,2.8714666846070145, 0
-0.576160175818,356.69339,2.73044982418196, 0
-0.670434918363,356.734528,2.595037081636974, 0
-0.734249372662,356.720825,2.5449256273379888, 0
-0.699599641117,356.67746,2.6229403588829996, 0
-0.637126064809,356.67749,2.6853839351909983, 0
-0.638529881868,356.693573,2.6678971181319753, 0
-0.698226454245,356.734924,2.5668495457550193, 0
-0.695475474259,356.677765,2.6267595257409653, 0
-0.6968517328,356.708679,2.5944692671999974, 0
-0.73154131052,356.715698,2.55276068948001, 0
-0.705077093155,356.693726,2.6011969068449616, 0
-0.705077093155,356.693909,2.601013906844969, 0
-0.667659425257,356.686432,2.6459085747429754, 0
-0.727467861431,356.725098,2.547434138568974, 0
-0.758117783198,356.718658,2.5232242168020207, 0
-0.756772370334,356.687836,2.555391629666019, 0
-0.755425450621,356.707275,2.5372995493790427, 0
-0.722015293536,356.688385,2.589599706464014, 0
-0.755425450621,356.723694,2.520880549379001, 0
-0.820832125109,356.720398,2.4587698748910043, 0
-0.851568149145,356.720947,2.4274848508549667, 0
-0.818204764457,356.696259,2.485536235543009, 0
-0.752727080709,356.677002,2.5702709192909765, 0
-0.751375625527,356.682037,2.5665873744730447, 0
-0.759461691693,356.687012,2.5535263083070276, 0
-0.780159097922,356.697144,2.522696902077996, 0
-0.753680207175,356.659637,2.586682792825002, 0
-0.678724380792,356.645447,2.675828619208005, 0
-0.635720680747,356.657593,2.706686319252981, 0
-0.627255324805,356.632385,2.740359675195009, 0
-0.659295644536,356.654694,2.6860103554640204, 0
-0.700971295934,356.693298,2.6057307040659907, 0
-0.730993175434,356.681366,2.5876408245659945, 0
-0.670100586023,356.666382,2.66351741397699, 0
-0.602293160821,356.672943,2.7247638391790474, 0
-0.622905201316,356.685883,2.691211798684037, 0
-0.742727080709,356.733795,2.523477919290997, 0
-0.878488298154,356.776947,2.344564701845968, 0
-0.881056273571,356.74118,2.3777637264290092, 0
-0.794106420487,356.703979,2.5019145795129702, 0
-0.738300159583,356.697083,2.5646168404169885, 0
-0.739647416746,356.681274,2.579078583254045, 0
-0.673204228513,356.635132,2.691663771487015, 0
-0.641332825247,356.62561,2.7330571747530144, 0
-0.670434918363,356.667419,2.6621460816369904, 0
-0.73154131052,356.708405,2.5600536894799575, 0
-0.790129987143,356.755768,2.4541020128569926, 0
-0.823453609854,356.739502,2.4370443901459566, 0
-0.764822331343,356.692291,2.5428866686569904, 0
-0.705077093155,356.65741,2.637512906844961, 0
-0.706442644824,356.680023,2.613534355176, 0
-0.735601140003,356.70282,2.5615788599970415, 0
-0.723380725434,356.708405,2.568214274565946, 0
-0.698276361305,356.693542,2.6081816386950436, 0
-0.70550998106,356.707336,2.587154018939998, 0
-0.688571036402,356.687439,2.623989963598035, 0
-0.642731956685,356.690796,2.666472043315025, 0
-0.651094142178,356.709473,2.639432857821987, 0
-0.779441463382,356.771393,2.449165536618011, 0
-0.867024411235,356.766266,2.3667095887650476, 0
-0.913142029761,356.805573,2.281284970239028, 0
-0.930146150156,356.753967,2.3158868498439915, 0
-0.868158487756,356.723633,2.408208512244016, 0
-0.791456947137,356.694855,2.5136880528629604, 0
-0.724604131136,356.65506,2.6203358688640037, 0
-0.689691374278,356.667786,2.6425226257219947, 0
-0.715959097973,356.68866,2.5953809020269887, 0
-0.788801541681,356.712433,2.498765458319042, 0
-0.834587706,356.721344,2.444068294000033, 0
-0.865561461814,356.731598,2.4028405381859557, 0
-0.884897456296,356.742462,2.3726405437039944, 0
-0.903911435774,356.729767,2.366321564226041, 0
-0.911428624905,356.737091,2.3514803750949795, 0
-0.879747804305,356.708771,2.4114811956949893, 0
-0.8695804083,356.69516,2.435259591700003, 0
-0.913142029761,356.724762,2.362095970239011, 0
-0.961191684899,356.749023,2.2897853151009713, 0
-0.989801655543,356.741058,2.269140344457014, 0
-0.941477445257,356.690796,2.367726554743001, 0
-0.928226577997,356.690399,2.3813744220029776, 0
-0.870856276531,356.655182,2.4739617234689604, 0
-0.807265484141,356.61673,2.5760045158589833, 0
-0.738300159583,356.612122,2.6495778404170096, 0
-0.719279834779,356.639709,2.641011165221016, 0
-0.767342377188,356.654022,2.578635622811987, 0
-0.804979140815,356.687653,2.507367859184967, 0
-0.824762154798,356.707184,2.4680538452020073, 0
-0.900134021753,356.731262,2.3686039782469948, 0
-0.936933113964,356.735504,2.3275628860359916, 0
-0.999261433548,356.778656,2.222082566452002, 0
-1.09114675551,356.811646,2.0972072444899936, 0
-1.13577061919,356.788696,2.0755333808099863, 0
-1.08985188025,356.711792,2.198356119749974, 0
-0.971143199396,356.650818,2.3780388006039743, 0
-0.859322167285,356.660828,2.479849832715047, 0
-0.837767602749,356.656738,2.5054943972509705, 0
-0.841641089029,356.652466,2.5058929109709993, 0
-0.807265484141,356.644897,2.547837515858987, 0
-0.800704278461,356.640106,2.559189721538985, 0
-0.68718550198,356.588684,2.7241304980199743, 0
-0.6072799239,356.585236,2.8074840760999678, 0
-0.511938256022,356.553558,2.9345037439779844, 0
-0.502073051839,356.598663,2.8992639481610354, 0
-0.518256070628,356.630127,2.8516169293719713, 0
-0.574742065859,356.658539,2.766718934140954, 0
-0.605117129447,356.669006,2.725876870552952, 0
-0.739647416746,356.725342,2.5350105832540066, 0
-0.822143600761,356.776581,2.401275399238955, 0
-0.862043066496,356.749969,2.3879879335039504, 0
-0.808204764457,356.724945,2.4668502355430064, 0
-0.701889680851,356.657013,2.641097319148969, 0
-0.711363967129,356.699127,2.5895090328710353, 0
-0.720014994685,356.692932,2.587053005314999, 0
-0.730993175434,356.707306,2.561700824566003, 0
-0.805571508505,356.777039,2.417389491494987, 0
-0.88528481168,356.794952,2.319763188319996, 0
-0.913801110348,356.778015,2.308183889652014, 0
-0.905523373184,356.782135,2.3123416268160213, 0
-0.926977239717,356.807434,2.2655887602829807, 0
-0.938171384545,356.776733,2.2850956154550204, 0
-0.910179229995,356.75415,2.335670770005038, 0
-0.907676283032,356.739502,2.3528217169679806, 0
-0.929474524877,356.738892,2.331633475122999, 0
-0.900608179135,356.687958,2.4114338208649997, 0
-0.821953204871,356.670532,2.5075147951289978, 0
-0.740509167522,356.627991,2.631499832477971, 0
-0.6968517328,356.656891,2.646257267200042, 0
-0.757699577282,356.736816,2.505484422718041, 0
-0.859349488893,356.742462,2.398188511107037, 0
-0.888481807429,356.731018,2.3805001925709917, 0
-0.929474524877,356.768677,2.301848475122995, 0
-1.00575808639,356.757477,2.2367649136099885, 0
-1.01460339983,356.763306,2.22209060017002, 0
-1.01824621042,356.719482,2.2622717895799838, 0
-0.983457405279,356.717896,2.298646594720992, 0
-0.936933113964,356.723419,2.339647886036005, 0
-0.940643807995,356.723297,2.3360591920049956, 0
-1.00046768066,356.718292,2.281240319339986, 0
-1.00304427233,356.73407,2.2628857276700387, 0
-0.983504702182,356.724182,2.292313297817998, 0
-1.02216799129,356.74353,2.2343020087099603, 0
-1.03429024041,356.727875,2.2378347595900436, 0
-1.02028166941,356.732635,2.2470833305899873, 0
-0.996844914736,356.706818,2.2963370852639855, 0
-0.935693467825,356.679962,2.384344532175021, 0
-0.893911435774,356.679413,2.4266755642260023, 0
-0.919474524877,356.691101,2.3894244751230076, 0
-0.998192265854,356.743042,2.2587657341459817, 0
-1.0828096333,356.713531,2.2036593667000375, 0
-1.07359065433,356.696808,2.2296013456700052, 0
-0.995634638642,356.705627,2.298738361358005, 0
-0.934452443877,356.694672,2.3708755561229964, 0
-0.929474524877,356.681549,2.388976475123002, 0
-0.905523373184,356.668945,2.425531626815996, 0
-0.839381465625,356.669006,2.4916125343749513, 0
-0.763389373955,356.716125,2.5204856260450015, 0
-0.681551349102,356.696869,2.6215796508980134, 0
-0.542522924129,356.723969,2.7335080758709864, 0
-0.450815373049,356.748352,2.800832626950978, 0
-0.303588208782,356.792114,2.904297791217971, 0
-0.211300429496,356.857391,2.9313085705039725, 0
-0.0888650521659,356.860413,3.05072194783412, 0
0.0690594159683,356.926147,3.142912415968283, 0
0.235686036598,356.985901,3.2497850365979843, 0
0.470373684554,357.082916,3.387457684553965, 0
0.738740004791,357.175079,3.5636610047910153, 0
1.00684258068,357.210815,3.7960275806799473, 0
1.23737196243,357.291595,3.9457769624300454, 0
1.42932687077,357.363342,4.0659848707700235, 0
1.57367763439,357.396759,4.176918634390006, 0
1.81436628938,357.472656,4.341710289380046, 0
2.27376391571,357.544556,4.729207915709992, 0
3.33384985142,357.590668,5.74318185141999, 0
8.00073150251,357.682251,10.318480502509999, 0
169.193636453,357.773438,171.420198453, 0
174.129950979,357.756927,176.37302397899998, 0
174.17195997,357.944397,176.22756297, 0
173.588539446,358.276825,175.31171444600002, 0
172.563973881,358.404358,174.159615881, 0
172.454543563,358.558533,173.89601056299998, 0
176.67,358.435577,178.23442299999996, 0
179.69287618,358.273254,178.58037782, 0
-179.765002562,357.765503,177.53050556200003, 0
179.502743416,356.601654,177.098910584, 0
178.446520393,355.541931,177.095410607, 0
178.007114993,354.449524,176.442409007, 0
177.651176454,351.841949,174.190772546, 0
177.651176454,348.337219,170.686042546, 0
177.327485386,336.533325,159.20583961399998, 0
177.011934801,299.709534,122.69759919900002, 0
177.330253832,218.06189,40.731636167999994, 0
177.660330835,199.163467,21.503136165, 0
177.340253832,194.675537,17.33528316799999, 0
177.027451803,191.84584,14.818388197000019, 0
176.69,189.81604,13.126039999999989, 0
175.172410041,188.788208,13.615797958999991, 0
173.887256584,188.569,14.681743415999989, 0
174.21809217,187.425598,13.207505830000002, 0
174.536843485,186.83812,12.301276515000012, 0
173.583709446,186.596771,13.01306155399999, 0
171.965193922,186.098206,14.133012078000007, 0
171.926073604,184.98848,13.062406396, 0
171.647279823,184.669449,13.022169176999995, 0
172.65531183,184.31987,11.66455817000002, 0
174.263242178,183.886841,9.623598821999991, 0
174.702045001,184.042877,9.340831999000017, 0
172.301157706,185.09584,12.794682294000012, 0
170.359638656,184.418732,14.059093344000019, 0
167.376188207,185.929932,18.553743792999995, 0
161.956172343,186.499619,24.543446657000004, 0
156.900831807,187.224411,30.323579193, 0
151.616051155,187.218231,35.602179844999995, 0
145.102150693,186.213211,41.111060307, 0
139.233545423,185.909027,46.675481577, 0
138.834789247,185.017212,46.182422753, 0
146.244206426,186.091187,39.846980573999986, 0
150.144696796,188.116043,37.971346203999985, 0
145.491353674,187.607788,42.11643432599999, 0
140.80003883,187.993698,47.19365916999999, 0
139.525040168,190.194977,50.66993683199999, 0
140.1909319,186.093048,45.9021161, 0
133.18863774,184.807587,51.61894926000002, 0
130.251030647,188.15033,57.899299353, 0
133.117000745,188.51683,55.399829254999986, 0
130.322632735,193.783737,63.46110426499999, 0
116.976266501,199.3517,82.375433499, 0
98.3992700238,210.863678,112.4644079762, 0
92.2374862973,214.311081,122.0735947027, 0
101.180154324,274.936584,173.75642967599998, 0
112.479113744,332.562073,139.91704074400002, 0
117.370449289,348.285645,129.08480428900003, 0
117.380449289,1.60649002,115.773959269, 0
115.030567798,15.9766197,99.053948098, 0
109.66194668,12.7648993,96.89704738, 0
103.832613192,17.2787991,86.553814092, 0
110.479347479,11.7624493,98.716898179, 0
125.379658411,14.6346693,110.744989111, 0
133.356446065,12.2789001,121.077545965, 0
131.719858628,10.8309698,120.88888882799999, 0
125.71082746,357.981476,127.72935146000003, 0
122.473670145,0.00240999996,122.47126014504, 0
122.267407029,352.938934,129.32847302899998, 0
126.34036562,0.789539993,125.550825627, 0
129.527099772,9.25541019,120.27168958200002, 0
118.735203184,25.5448093,93.190393884, 0
105.908906755,29.8899994,76.01890735500001, 0
131.72976918,7.7237196,124.00604958000001, 0
149.624115235,5.47222996,144.151885275, 0
149.657556331,2.71776986,146.939786471, 0
123.954608226,162.835281,38.880672774000004, 0
84.5174169533,173.728638,89.21122104669999, 0
77.6297805308,141.60939,63.979609469199985, 0
131.729788815,6.91434002,124.81544879500001, 0
156.746536128,3.12406993,153.622466198, 0
161.334042507,2.94664001,158.38740249699998, 0
154.516195685,67.175415,87.34078068500001, 0
123.189047099,175.22731,52.03826290099998, 0
105.154842707,173.057449,67.90260629299999, 0
124.414063556,117.291679,7.122384556, 0
143.541321262,79.4042816,64.13703966199999, 0
150.154791743,47.3886299,102.766161843, 0
152.275876574,32.5004196,119.775456974, 0
149.50366685,29.0858383,120.41782855, 0
146.463287091,263.353394,116.89010690899997, 0
143.409064386,247.779419,104.37035461399998, 0
140.146687982,204.485428,64.33874001800001, 0
134.105700096,193.279388,59.17368790400002, 0
134.209329203,191.111282,56.90195279699998, 0
143.029704238,146.881821,3.8521167620000085, 0
146.254206426,237.442322,91.188115574, 0
146.463287091,208.71817,62.254882908999974, 0
143.444857694,182.953232,39.50837430600001, 0
139.151200478,190.002121,50.850920521999996, 0
136.914232057,185.756027,48.841794943, 0
134.105700096,219.363129,85.257428904, 0
136.483405878,202.795837,66.31243112199999, 0
139.535040168,218.079666,78.54462583200001, 0
145.018305282,214.593018,69.574712718, 0
145.290141357,244.63295,99.34280864299998, 0
138.485829648,234.222244,95.736414352, 0
129.744691053,232.637756,102.893064947, 0
128.696846698,232.364899,103.668052302, 0
136.405518551,239.891113,103.48559444899999, 0
138.485829648,183.881638,45.39580835200002, 0
136.732782479,211.109436,74.37665352099998, 0
133.694575906,214.4487,80.75412409399999, 0
134.73244644,182.894958,48.16251156000001, 0
135.805292564,160.919922,25.114629436, 0
138.972897086,168.818161,29.845263914000014, 0
139.849798526,186.012878,46.163079474, 0
138.972897086,156.621719,17.648821914000024, 0
139.535040168,146.807892,7.272851832000015, 0
139.849869736,153.286194,13.436324264000007, 0
138.844789247,163.204102,24.35931275300001, 0
144.248548018,101.872765,42.37578301800001, 0
147.522281321,127.473854,20.048427321000005, 0
147.362038633,130.583481,16.77855763299999, 0
147.181033328,139.774353,7.4066803280000215, 0
144.372343226,174.610077,30.23773377399999, 0
142.127488216,198.478897,56.351408784, 0
140.81003883,184.203339,43.39330017, 0
141.585608294,176.770798,35.18518970600002, 0
144.524094643,142.73349,1.790604643000023, 0
144.524094643,180.072647,35.54855235699998, 0
144.89235935,228.951965,84.05960565000001, 0
148.822511972,244.5495,95.726988028, 0
148.822511972,230.407761,81.58524902799999, 0
144.89235935,201.080215,56.18785565000002, 0
142.56010191,235.983154,93.42305209000003, 0
143.029656308,260.370453,117.340796692, 0
144.145632193,252.70816,108.56252780699998, 0
144.56741744,230.015839,85.44842155999999, 0
145.501353674,216.680038,71.178684326, 0
142.127488216,191.414124,49.286635784, 0
138.844789247,206.193359,67.34856975299999, 0
136.483405878,204.853729,68.37032312199997, 0
135.223281328,236.276505,101.05322367199997, 0
133.840786578,230.150497,96.309710422, 0
135.805292564,233.614014,97.80872143599998, 0
133.628768876,248.516357,114.88758812399999, 0
132.658789588,231.447906,98.789116412, 0
132.658789588,227.754959,95.09616941200002, 0
134.73244644,154.764221,20.031774560000002, 0
137.109027003,152.814651,15.705623997000004, 0
135.956093994,154.26889,18.312796005999985, 0
133.840786578,152.899063,19.058276422000006, 0
132.761300805,142.86705,10.105749195000016, 0
132.761300805,153.801651,21.040350195000002, 0
132.790621732,117.959984,14.830637732, 0
137.099027003,108.665154,28.433873003000002, 0
142.632505829,27.9836502,114.648855629, 0
142.632505829,269.326172,126.69366617099999, 0
137.825189287,223.429108,85.60391871300001, 0
136.914121328,187.718918,50.80479667200001, 0
138.301675714,168.959763,30.65808728600001, 0
138.562525828,151.714874,13.152348172000018, 0
139.849869736,259.90509,120.05522026399998, 0
139.535040168,207.842026,68.30698583200001, 0
138.562525828,280.641479,142.078953172, 0
139.243545423,318.082916,178.839370577, 0
139.243545423,259.276062,120.03251657700002, 0
138.710946644,230.595535,91.88458835600002, 0
137.825189287,250.532166,112.70697671299999, 0
135.805292564,239.023911,103.21861843599999, 0
133.840786578,243.981171,110.14038442199998, 0
132.761300805,196.044449,63.283148194999995, 0
131.719657914,209.747116,78.027458086, 0
129.810446595,258.951324,129.140877405, 0
128.028178556,222.407669,94.379490444, 0
127.181774645,206.007767,78.825992355, 0
127.905516911,211.577209,83.671692089, 0
131.719657914,69.2337799,62.48587801400001, 0
141.844378685,56.6635895,85.18078918500001, 0
147.908890823,53.443367,94.46552382300001, 0
148.326716647,80.245491,68.08122564700001, 0
146.578411205,109.60524,36.973171205000014, 0
144.524094643,120.550095,23.973999643000013, 0
144.524094643,122.81427,21.70982464300002, 0
141.182104277,357.857239,143.32486527700001, 0
143.029656308,356.038971,146.990685308, 0
146.463287091,6.47588968,139.98739741100002, 0
144.55741744,258.317688,113.76027055999998, 0
141.003021578,262.947327,121.94430542199999, 0
141.003021578,240.168579,99.165557422, 0
142.117488216,220.025726,77.908237784, 0
142.59527812,256.196655,113.60137688000003, 0
141.844378685,269.688263,127.843884315, 0
141.844378685,265.673462,123.82908331499996, 0
143.444857694,240.721893,97.27703530599999, 0
144.372343226,251.540329,107.16798577400002, 0
143.029704238,251.136871,108.10716676200002, 0
130.550595311,233.035065,102.48446968900001, 0
123.24859686,221.983566,98.73496913999999, 0
128.597528614,298.829132,170.23160338600002, 0
134.53516501,329.18454,165.35062500999996, 0
137.247151312,345.925934,151.32121731200002, 0
138.265920474,292.012024,153.74610352599998, 0
133.567200384,241.198822,107.63162161600002, 0
129.861961854,213.904877,84.04291514600001, 0
128.696846698,182.690842,53.993995302, 0
129.59857812,138.575363,8.976784879999997, 0
133.922311177,79.126091,54.79622017700001, 0
132.843022803,120.217766,12.625256803, 0
128.353245543,159.598312,31.24506645699998, 0
124.195852436,199.048248,74.852395564, 0
125.379471106,66.0893707,59.29010040599999, 0
130.668039458,25.2761402,105.39189925800001, 0
133.830786578,49.3331871,84.49759947799998, 0
140.81003883,80.6254501,60.18458873, 0
143.488080515,80.1634598,63.32462071500001, 0
142.127488216,47.5090103,94.61847791599999, 0
136.732782479,345.977661,150.755121479, 0
131.719553193,303.756012,172.036458807, 0
129.155726535,286.372314,157.216587465, 0
128.25127826,344.887238,143.36404025999997, 0
131.719580683,73.6762466,58.043334083000005, 0
137.835189287,68.6104507,69.22473858699999, 0
143.891224852,55.5198898,88.37133505199999, 0
146.02005449,39.7748375,106.24521699000002, 0
144.248548018,34.1830597,110.065488318, 0
144.714378328,61.1880569,83.52632142800002, 0
146.568411205,74.4347382,72.13367300499999, 0
149.420253158,52.7975883,96.62266485800001, 0
149.420253158,348.982452,160.43780115799998, 0
147.512281321,349.300507,158.211774321, 0
143.399064386,306.150696,162.751631614, 0
140.871981438,307.600952,166.728970562, 0
140.590267576,289.89209,149.301822424, 0
140.392840023,258.437866,118.045025977, 0
131.719705038,233.473557,101.753851962, 0
126.120361473,237.827209,111.70684752700001, 0
130.678039458,279.926025,149.24798554199998, 0
135.664837729,287.671417,152.00657927100002, 0
135.533701178,290.402832,154.869130822, 0
135.4109863,317.051025,178.3599613, 0
134.630471893,273.616638,138.98616610700003, 0
134.841813394,162.565781,27.723967605999974, 0
129.58857812,245.110001,115.52142288000002, 0
126.515224171,271.435181,144.919956829, 0
130.704555549,326.387695,164.31686054899998, 0
133.684575906,341.448273,152.23630290600002, 0
135.795292564,22.5626888,113.23260376399999, 0
135.523701178,352.527557,142.996144178, 0
134.435892705,341.416534,153.01935870499997, 0
134.273296075,354.876465,139.396831075, 0
135.977430443,5.05373001,130.923700433, 0
136.903985992,44.6705704,92.233415592, 0
135.285907786,336.444397,158.84151078600001, 0
130.828130509,300.684998,169.856867491, 0
129.973811097,354.427185,135.546626097, 0
131.709524831,7.3141799,124.39534493100001, 0
135.295907786,35.2940483,100.00185948599999, 0
137.430230025,57.9726486,79.45758142499999, 0
137.247151312,16.8957901,120.351361212, 0
134.435892705,341.499084,152.936808705, 0
133.509473528,347.345917,146.16355652800002, 0
133.509473528,343.316925,150.19254852799997, 0
129.929633731,293.404846,163.47521226900002, 0
121.815349619,279.255768,157.44041838099997, 0
120.409642201,315.555389,164.854253201, 0
122.736992317,85.4713745,37.265617817000006, 0
131.709681913,68.8659821,62.843699813, 0
138.710946644,35.9149208,102.79602584399998, 0
138.255920474,18.9755592,119.280361274, 0
137.237151312,13.2825794,123.954571912, 0
137.247151312,8.02420998,129.222941332, 0
139.314291336,17.1133003,122.200991036, 0
141.844378685,23.8762493,117.96812938500001, 0
139.839798526,31.6760483,108.163750226, 0
135.654837729,331.937836,163.717001729, 0
133.557200384,315.146606,178.41059438399998, 0
132.590947952,344.24353,148.34741795199997, 0
133.499473528,345.659943,147.839530528, 0
137.237151312,13.12679,124.11036131200001, 0
138.059795426,348.045868,150.013927426, 0
137.247151312,9.77630997,127.470841342, 0
132.800621732,78.8496552,53.950966531999995, 0
126.946094956,153.465332,26.519237043999993, 0
124.58471595,276.767517,152.18280105, 0
128.696846698,325.058258,163.63858869799998, 0
132.600947952,325.497498,167.103449952, 0
134.283296075,347.419769,146.86352707500004, 0
136.913985992,346.862091,150.05189499199997, 0
138.630796217,359.394653,139.236143217, 0
134.445892705,338.053833,156.392059705, 0
126.69651415,259.530212,132.83369785000002, 0
120.399710135,336.454773,143.94493713500003, 0
124.708355221,17.0490303,107.659324921, 0
133.557200384,16.71138,116.845820384, 0
138.049795426,17.0886097,120.961185726, 0
139.839717821,36.6377296,103.201988221, 0
136.553644529,26.20368,110.349964529, 0
134.620471893,15.8641891,118.756282793, 0
133.567200384,331.445923,162.121277384, 0
133.557200384,353.776184,139.781016384, 0
133.455239438,341.414246,152.04099343800002, 0
133.455239438,338.562714,154.89252543799998, 0
135.295907786,352.048004,143.247903786, 0
134.445892705,344.338287,150.10760570500003, 0
128.79877063,326.556458,162.24231263, 0
126.69651415,328.602692,158.09382215, 0
129.734691053,356.227753,133.506938053, 0
133.567200384,10.4064398,123.16076058399999, 0
134.53516501,9.01756001,125.51760499999999, 0
134.53516501,356.595886,137.93927900999998, 0
138.265920474,23.8027897,114.463130774, 0
138.059900573,41.7964401,96.263460473, 0
138.844789247,46.4657097,92.379079547, 0
144.362343226,29.151329,115.211014226, 0
144.704378328,15.4843292,129.220049128, 0
139.562985809,343.576111,155.98687480899997, 0
136.10827056,322.439941,173.66832956000002, 0
131.709495597,307.935883,176.226387403, 0
130.854408166,329.91095,160.943458166, 0
132.628952185,338.966736,153.66221618499998, 0
131.719633043,7.7493,123.97033304299998, 0
128.216196817,21.2363186,106.97987821699999, 0
131.709705038,358.568573,133.141132038, 0
136.247364903,338.631348,157.616016903, 0
137.68403614,344.537781,153.14625514, 0
135.4109863,359.782135,135.6288513, 0
130.628765655,21.9637985,108.664967155, 0
124.185852436,323.667511,160.51834143600001, 0
125.803471085,318.138855,167.66461608500003, 0
130.034801842,333.190247,156.844554842, 0
129.973811097,337.568665,152.405146097, 0
125.163278417,332.203461,152.959817417, 0
122.736992317,343.546082,139.19091031699998, 0
126.865601485,343.264801,143.60080048500004, 0
131.709607299,0.133509994,131.576097305, 0
134.630471893,0.56437999,134.066091903, 0
135.664837729,353.277924,142.386913729, 0
129.861961854,322.667664,167.19429785399998, 0
124.943421602,344.388397,140.555024602, 0
128.983243353,343.625946,145.357297353, 0
130.828130509,327.373901,163.45422950900002, 0
131.709524831,347.950348,143.759176831, 0
127.895516911,331.437469,156.458047911, 0
120.786811744,315.495972,165.290839744, 0
120.765483549,318.286896,162.478587549, 0
128.53958532,334.266388,154.27319731999998, 0
134.010013738,342.6922,151.31781373799998, 0
137.88962679,356.095367,141.79425978999998, 0
141.171831861,2.61054993,138.561281931, 0
142.146938961,349.661652,152.48528696099999, 0
143.598136821,1.84338999,141.754746831, 0
143.331002839,11.6417093,131.689293539, 0
137.866202456,9.46090984,128.405292616, 0
133.628768876,325.549347,168.079421876, 0
133.628768876,350.62793,143.00083887600002, 0
133.567200384,342.674194,150.893006384, 0
132.590947952,330.439362,162.15158595199998, 0
132.564612699,329.078186,163.486426699, 0
133.499473528,331.916382,161.583091528, 0
134.352099518,349.314117,145.03798251799998, 0
131.70946549,319.613678,172.09578749000002, 0
132.494248711,340.202362,152.29188671100002, 0
137.419947602,341.962311,155.457636602, 0
139.258747591,345.521545,153.737202591, 0
138.834385508,351.258118,147.57626750799997, 0
136.608591968,29.2117691,107.39682286800002, 0
137.237151312,57.0188904,80.218260912, 0
138.475829648,61.3757973,77.100032348, 0
137.420230025,91.503746,45.91648402499999, 0
132.618952185,336.781036,155.83791618500004, 0
129.066980689,284.917664,155.850683311, 0
127.310813137,357.856995,129.453818137, 0
127.023675103,116.559196,10.464479103000002, 0
126.008992427,241.129333,115.12034057300001, 0
127.774431847,4.43512011,123.339311737, 0
131.719580683,3.08668995,128.632890733, 0
137.350173659,2.94659996,134.40357369900002, 0
142.422617193,13.8702192,128.552397993, 0
144.248346035,13.0232801,131.225065935, 0
141.043166083,34.6607285,106.38243758299998, 0
136.405518551,43.5172501,92.888268451, 0
135.654837729,65.791748,69.86308972900001, 0
135.795292564,29.5954189,106.199873664, 0
136.722782479,4.37451982,132.348262659, 0
134.52516501,339.061249,155.46391601000002, 0
135.285907786,328.791809,166.494098786, 0
138.620796217,354.451477,144.16931921699998, 0
145.336615886,2.59787989,142.738735996, 0
146.964753309,7.55064964,139.414103669, 0
142.663709232,344.714478,157.94923123200002, 0
140.102566346,335.642914,164.45965234599998, 0
136.247364903,312.809265,176.56190009699998, 0
134.283296075,316.06604,178.21725607500002, 0
133.499473528,330.906616,162.59285752800002, 0
135.285907786,351.245972,144.039935786, 0
136.553644529,358.123871,138.429773529, 0
136.395518551,348.950806,147.444712551, 0
135.4009863,335.234161,160.16682530000003, 0
133.557200384,345.274109,148.283091384, 0
135.285907786,358.99707,136.288837786, 0
137.237151312,14.8171692,122.41998211200001, 0
138.475829648,13.2592993,125.216530348, 0
137.237151312,343.018524,154.218627312, 0
134.352099518,345.554871,148.797228518, 0
133.346053132,336.468506,156.87754713200002, 0
134.979975388,341.894928,153.08504738800002, 0
135.07597765,336.720947,158.35503064999997, 0
136.10827056,350.638306,145.46996456, 0
135.285907786,335.279663,160.00624478599997, 0
137.237151312,6.02963972,131.207511592, 0
142.014440918,359.404968,142.609472918, 0
144.818739379,1.48701,143.331729379, 0
143.01948513,354.328949,148.69053612999997, 0
140.325229766,1.11119998,139.214029786, 0
138.834612612,336.040955,162.793657612, 0
139.062001913,352.678009,146.38399291300001, 0
140.102566346,359.470093,140.63247334599998, 0
139.062001913,5.6301198,133.431882113, 0
139.304291336,12.6482601,126.656031236, 0
139.839798526,18.8028297,121.036968826, 0
138.475829648,350.776031,147.699798648, 0
135.4009863,341.486511,153.9144753, 0
135.4009863,339.111267,156.2897193, 0
135.295907786,332.169373,163.12653478599998, 0
133.356053132,334.196777,159.159276132, 0
132.516384834,327.373413,165.14297183399998, 0
133.394190224,351.346069,142.048121224, 0
137.856202456,2.39301991,135.463182546, 0
140.881981438,19.6294594,121.252522038, 0
141.314805577,8.18426991,133.13053566699998, 0
141.314805577,16.6835403,124.63126527699998, 0
140.590267576,16.6729603,123.917307276, 0
143.740261289,32.0938873,111.64637398899998, 0
143.36893283,20.8608189,122.50811393000001, 0
140.325229766,7.17026997,133.154959796, 0
137.340173659,339.314178,158.02599565899996, 0
134.979975388,325.112,169.867975388, 0
133.346053132,328.958099,164.387954132, 0
130.879160259,317.86261,173.01655025899998, 0
129.973811097,346.186005,143.787806097, 0
129.219913715,325.194794,164.025119715, 0
129.219913715,336.026917,153.19299671499996, 0
129.066980689,18.3519402,110.71504048899999, 0
125.998992427,333.211243,152.787749427, 0
124.953421602,8.04370022,116.909721382, 0
128.983243353,353.700653,135.28259035300002, 0
131.709495597,348.864044,142.84545159700002, 0
133.300585673,353.463806,139.83677967300002, 0
138.737870115,359.295868,139.442002115, 0
138.049674103,4.61474991,133.434924193, 0
134.199049553,351.540863,142.658186553, 0
131.70943451,341.789673,149.91976151, 0
130.924588892,347.180847,143.74374189199997, 0
131.709402657,355.683289,136.026113657, 0
132.539801263,2.24218988,130.29761138299997, 0
124.99962729,315.431671,169.56795629, 0
119.370428087,3.54025984,115.83016824699999, 0
126.182017907,25.5276794,100.654338507, 0
135.654837729,34.7178383,100.93699942900001, 0
144.843705764,25.1041489,119.739556864, 0
146.366391831,18.7281494,127.63824243099998, 0
140.77743444,359.831024,140.94641044, 0
136.608591968,349.696686,146.911905968, 0
134.88928719,356.943481,137.94580618999998, 0
133.300585673,351.498322,141.80226367300003, 0
130.07287872,332.46286,157.61001872000003, 0
127.441595658,340.798492,146.64310365799997, 0
129.145726535,348.968292,140.17743453499997, 0
131.70946549,352.343384,139.36608149, 0
134.88928719,3.30542994,131.58385725, 0
136.47311111,1.71156991,134.76154119999998, 0
132.539801263,1.59544992,130.944351343, 0
125.163278417,11.10079,114.062488417, 0
127.023675103,5.58392,121.439755103, 0
130.854408166,0.219339997,130.63506816900002, 0
128.24127826,349.146271,139.09500726, 0
122.828860627,336.598755,146.230105627, 0
124.99962729,348.174713,136.82491429, 0
129.145726535,357.133759,132.011967535, 0
129.973811097,7.30767965,122.66613144700001, 0
128.343017035,345.512054,142.83096303500002, 0
124.278037867,323.367889,160.910148867, 0
120.996230881,315.01593,165.98030088099998, 0
121.333560856,346.53067,134.80289085600003, 0
123.103841713,359.263031,123.840810713, 0
124.808267408,4.75101995,120.057247458, 0
123.343573024,3.07304001,120.270533014, 0
123.579325174,9.69149971,113.887825464, 0
131.709301863,4.92921972,126.780082143, 0
141.36906035,4.41920996,136.94985039000002, 0
142.54949127,6.13699961,136.41249166, 0
130.902515601,125.074844,5.827671601000006, 0
110.094903773,149.173111,39.07820722700001, 0
101.964951896,120.672737,18.707785103999996, 0
114.792238603,81.0865479,33.705690703, 0
142.095376232,4.3052001,137.790176132, 0
153.314656063,0.918289959,152.396366104, 0
155.168271431,1.05947995,154.108791481, 0
148.626830867,11.1654797,137.461351167, 0
127.161774645,181.105759,53.94398435500001, 0
111.987398647,192.588867,80.60146835299999, 0
118.995189379,231.615067,112.61987762100001, 0
130.034801842,12.2291698,117.80563204200001, 0
139.849627621,20.9966202,118.853007421, 0
145.935370386,15.9893093,129.946061086, 0
144.248346035,2.62879992,141.619546115, 0
138.229313897,214.86348,76.63416610300001, 0
133.346053132,254.220459,120.874405868, 0
132.494248711,301.170166,168.67591728899998, 0
133.290585673,289.333984,156.04339832699998, 0
135.854131948,133.830734,2.023397947999996, 0
137.67403614,325.746948,171.92708814000002, 0
137.67403614,196.428238,58.754201859999995, 0
140.325229766,64.612236,75.71299376600001, 0
139.360212411,307.931641,168.57142858900002, 0
138.419377867,260.276184,121.85680613299999, 0
136.608591968,251.461853,114.85326103199998, 0
136.608591968,268.632202,132.023610032, 0
134.803483862,289.378021,154.57453713799998, 0
133.940545579,287.036865,153.09631942099998, 0
134.722181167,273.878967,139.156785833, 0
136.344901878,314.677246,178.33234412200002, 0
139.405517172,340.672485,158.733032172, 0
141.635645358,351.131134,150.50451135800003, 0
139.839418737,353.364197,146.475221737, 0
137.281518111,202.385345,65.103826889, 0
135.330835134,199.699249,64.368413866, 0
133.940545579,60.9332886,73.007256979, 0
135.523490994,50.909008,84.61448299400001, 0
137.04158815,113.59803,23.44355815, 0
137.04158815,106.389694,30.65189414999999, 0
136.344901878,111.726944,24.617957878, 0
138.049674103,113.516701,24.532973103000003, 0
139.839627621,80.6414948,59.198132821, 0
139.616658499,87.9015579,51.71510059900001, 0
138.737870115,342.329773,156.408097115, 0
138.552216346,327.126587,171.42562934600002, 0
140.053348656,11.2290297,128.82431895599998, 0
143.321002839,114.832298,28.488704838999993, 0
142.085376232,287.827515,145.74213876800002, 0
140.76743444,235.765411,94.99797656000001, 0
139.140941109,243.597351,104.45640989099999, 0
134.803483862,261.367462,126.56397813799998, 0
133.178148814,267.025421,133.847272186, 0
131.709336333,271.149841,139.44050466699997, 0
130.96528855,238.323608,107.35831945000001, 0
131.719369932,191.532608,59.813238068000004, 0
130.201923571,260.786469,130.584545429, 0
128.087808734,251.246521,123.15871226600001, 0
126.770033481,252.759293,125.98925951900002, 0
126.13702889,263.660461,137.52343211, 0
127.420117945,260.968384,133.548266055, 0
129.478162867,78.9052811,50.57288176700001, 0
130.924588892,101.19223,29.732358892000008, 0
132.539801263,71.4399109,61.099890362999986, 0
136.751979805,60.7908974,75.96108240499998, 0
140.325229766,45.1882896,95.13694016600002, 0
143.638867661,36.9959488,106.642918861, 0
143.029348186,17.5742397,125.455108486, 0
139.258747591,359.075409,140.18333859100002, 0
135.89422197,357.524323,138.36989897, 0
135.075705952,347.508331,147.567374952, 0
134.372220634,346.48703,147.885190634, 0
134.435567366,345.257996,149.177571366, 0
131.709230303,262.077209,130.36797869699998, 0
127.524318923,214.949738,87.425419077, 0
122.736695928,183.157928,60.421232071999995, 0
123.802232337,180.777588,56.975355663, 0
128.615324943,77.4713516,51.143973342999985, 0
133.940545579,37.5333176,96.407227979, 0
135.330835134,25.6588593,109.67197583400001, 0
134.50199437,22.9523487,111.54964567, 0
133.106459895,16.9580593,116.148400595, 0
132.399531861,22.3693199,110.03021196100002, 0
132.409531861,1.41348994,130.996041921, 0
131.035168899,3.44334984,127.59181905900002, 0
130.345291004,50.8125877,79.532703304, 0
125.700327709,119.805359,5.894968709000011, 0
126.232018825,86.0914764,40.14054242499999, 0
130.945482599,8.45979023,122.485692369, 0
133.257571539,59.9289398,73.328631739, 0
134.88928719,27.1941395,107.69514769, 0
134.128975742,22.6640491,111.464926642, 0
132.494248711,312.670319,179.823929711, 0
131.709402657,338.661499,153.047903657, 0
133.300585673,331.874268,161.42631767300003, 0
133.300585673,318.104248,175.19633767300002, 0
132.473290426,321.657898,170.81539242600002, 0
132.453418151,323.14917,169.30424815099997, 0
131.709266519,322.359741,169.34952551900003, 0
131.050624949,319.615356,171.43526894899998, 0
129.778530112,317.919891,171.858639112, 0
130.376961302,333.752289,156.624672302, 0
130.96528855,61.9665985,68.99869005, 0
131.70946549,56.5327568,75.17670869000001, 0
133.394190224,51.3212776,82.072912624, 0
133.300585673,13.0604601,120.240125573, 0
131.709369932,358.009338,133.70003193199997, 0
131.001959152,357.108185,133.89377415200002, 0
132.416609666,1.08415997,131.332449696, 0
135.998493635,22.769289,113.22920463499999, 0
139.015161664,25.4113693,113.603792364, 0
139.636319881,16.6019287,123.03439118099999, 0
139.636319881,34.3296509,105.306668981, 0
138.208724703,25.59445,112.614274703, 0
135.89422197,7.69400978,128.20021219, 0
133.106459895,326.215057,166.891402895, 0
132.383255054,358.410461,133.972794054, 0
132.399531861,355.806091,136.59344086100003, 0
128.087808734,1.41514993,126.672658804, 0
128.773642062,4.36913967,124.404502392, 0
130.96528855,50.9810181,79.98427045, 0
133.257571539,45.2526779,88.00489363899999, 0
134.803483862,33.3196602,101.483823662, 0
136.223395067,28.6072693,107.61612576700001, 0
133.257571539,29.3629799,103.894591639, 0
129.289926439,3.89547992,125.394446519, 0
130.07287872,13.2709599,116.80191882000001, 0
134.88928719,335.649445,159.23984219, 0
138.933819638,6.75274992,132.18106971799997, 0
142.085376232,3.91104984,138.17432639199998, 0
143.638867661,5.00286007,138.636007591, 0
144.238346035,353.846863,150.39148303500002, 0
144.238346035,351.940765,152.297581035, 0
143.321002839,334.766785,168.55421783899996, 0
140.682075351,325.621216,175.060859351, 0
137.419947602,307.661774,170.24182639799997, 0
131.709301863,289.545563,157.836261137, 0
126.945765763,311.394196,175.55156976299997, 0
131.709402657,338.424316,153.28508665700002, 0
135.330835134,340.314484,155.01635113400002, 0
136.108079249,343.59729,152.51078924900003, 0
136.223395067,344.474365,151.74903006700004, 0
137.18682925,11.9193993,125.26742995, 0
137.340173659,3.4464798,133.893693859, 0
134.803483862,329.170044,165.633439862, 0
133.940545579,335.81601,158.124535579, 0
135.330835134,339.168243,156.162592134, 0
135.156668061,333.040588,162.116080061, 0
134.372220634,336.309692,158.06252863400002, 0
134.372220634,342.165466,152.20675463400002, 0
133.884081489,8.74752998,125.13655150900001, 0
134.000013738,344.064362,149.935651738, 0
133.178148814,329.798401,163.37974781399998, 0
134.571731989,349.652649,144.919082989, 0
134.435567366,338.025635,156.40993236599996, 0
133.830399302,340.728516,153.10188330199998, 0
131.709369932,0.846740007,130.862629925, 0
136.108079249,11.2266893,124.88138994900001, 0
139.258747591,5.08091974,134.177827851, 0
137.89792638,356.99469,140.90323638, 0
136.530061598,351.672089,144.85797259799998, 0
136.530061598,351.660004,144.870057598, 0
134.722181167,9.35235977,125.36982139700001, 0
132.539801263,19.8293495,112.71045176299998, 0
134.88928719,6.17020988,128.71907731000002, 0
136.772980994,341.699738,155.07324299399997, 0
134.50199437,334.193695,160.30829937000001, 0
130.240524726,334.901428,155.33909672599998, 0
130.118284219,11.0836601,119.034624119, 0
133.394190224,25.2154789,108.178711324, 0
135.07597765,8.84383011,126.23214754, 0
135.977430443,9.90592957,126.071500873, 0
134.199049553,359.15155,135.04749955300002, 0
133.346053132,358.7948,134.551253132, 0
137.04158815,357.535583,139.50600515000002, 0
139.636319881,349.185791,150.450528881, 0
138.498275165,339.415741,159.08253416499997, 0
135.330835134,344.463562,150.867273134, 0
130.118284219,335.648682,154.469602219, 0
129.066980689,352.105377,136.96160368900001, 0
129.919633731,10.9100199,119.00961383100001, 0
134.128975742,350.368073,143.760902742, 0
136.108079249,343.426605,152.68147424900002, 0
133.216817165,340.144897,153.071920165, 0
131.709402657,346.505646,145.20375665699999, 0
134.722181167,353.715332,141.006849167, 0
137.565401334,2.32647991,135.238921424, 0
141.953445323,357.499512,144.45393332300003, 0
136.772980994,337.566406,159.20657499400002, 0
125.916655093,200.652618,74.73596290699999, 0
119.370428087,245.77359,126.40316191300002, 0
124.99962729,346.767639,138.23198829000003, 0
143.019192983,357.004395,146.01479798300002, 0
152.085624064,1.38636994,150.699254124, 0
145.735448819,356.043488,149.69196081899997, 0
125.359208879,190.122818,64.763609121, 0
108.735840787,180.784286,72.04844521300001, 0
111.563283426,189.644958,78.081674574, 0
121.875774106,240.170959,118.29518489400002, 0
133.597305472,350.114502,143.48280347199997, 0
148.595779058,1.96744001,146.62833904800002, 0
153.844519247,5.35585976,148.488659487, 0
143.914875736,183.253891,39.33901526400001, 0
129.524558889,182.966858,53.44229911100001, 0
124.013309959,172.156677,48.143367041000005, 0
128.615324943,155.194931,26.579606057000007, 0
137.419947602,100.001579,37.418368602, 0
139.093057183,205.90564,66.81258281699999, 0
138.34177961,289.152069,150.81028938999998, 0
137.483527754,64.9418488,72.54167895399999, 0
137.347411289,193.598129,56.25071771099999, 0
136.778782799,159.662949,22.884166201, 0
135.513234102,193.990906,58.47767189799998, 0
133.62974374,199.21637,65.58662626, 0
133.68412827,153.078033,19.393904730000003, 0
134.645034096,133.423752,1.2212820959999817, 0
134.128975742,142.510651,8.381675258000001, 0
137.04158815,119.002266,18.03932214999999, 0
138.834385508,153.031509,14.197123492000003, 0
137.753367265,213.033768,75.280400735, 0
137.615380028,189.145523,51.53014297199999, 0
137.01379504,163.796219,26.782423960000017, 0
138.488275165,140.760513,2.2722378349999985, 0
141.635645358,136.68129,4.954355358000015, 0
141.29238516,149.452194,8.159808839999982, 0
139.839527927,167.380814,27.54128607299998, 0
135.998493635,188.980698,52.982204365, 0
132.383255054,201.47287,69.08961494600001, 0
132.383255054,188.465759,56.082503946, 0
133.073170474,188.278717,55.205546526000006, 0
133.779298216,195.214249,61.434950783999994, 0
133.67412827,196.128601,62.45447272999999, 0
134.311744693,179.954437,45.642692307000004, 0
136.903641499,167.264709,30.361067501000008, 0
139.258747591,139.814224,0.5554764089999935, 0
140.82723822,139.126282,1.7009562199999948, 0
140.240149922,157.82399,17.58384007800001, 0
137.89792638,167.397308,29.49938162000001, 0
135.156668061,176.846283,41.689614938999995, 0
132.399531861,169.876877,37.47734513899999, 0
131.709230303,173.86615,42.156919697000006, 0
133.041425999,156.41716,23.375734000999984, 0
134.50199437,158.71756,24.215565629999986, 0
136.772980994,139.030884,2.2579030059999923, 0
141.398153216,110.173584,31.224569215999992, 0
142.014125487,127.953064,14.061061487000003, 0
138.915311948,157.350082,18.434770051999976, 0
137.89792638,141.91481,4.016883619999987, 0
139.442958047,126.026466,13.416492046999991, 0
143.284563211,123.61731,19.667253211000002, 0
145.893582556,130.298141,15.595441556000026, 0
143.964015805,142.449463,1.514552804999994, 0
141.16165479,155.823914,14.662259210000002, 0
139.636319881,159.819733,20.183413119000022, 0
138.208724703,161.121445,22.912720296999993, 0
137.281518111,172.480591,35.19907288900001, 0
135.075705952,184.690948,49.615242048, 0
134.998451174,179.684677,44.686225826, 0
137.149617306,167.2341,30.084482694000002, 0
140.035001116,153.556992,13.521990884000019, 0
141.635645358,162.1521,20.516454641999985, 0
143.01941894,153.25061,10.231191059999986, 0
142.422617193,158.551331,16.128713806999997, 0
